SF:/Users/guy/Workspace/test/dasl/scripts/build/Fragment/index.ts
FN:1,Fragment
FNDA:618,Fragment
FNF:1
FNH:1
BRF:0
BRH:0
DA:1,4
DA:2,4
DA:4,622
DA:5,622
LH:4
LF:4
end_of_record
SF:/Users/guy/Workspace/test/dasl/scripts/build/copyComponentStyles/copyStylesRecursive/index.ts
FN:5,copyStylesRecursive
FNDA:773,copyStylesRecursive
FNF:1
FNH:1
BRDA:16,1,0,2200
BRDA:17,1,1,1443
BRDA:17,1,2,714
BRDA:26,1,3,0
BRDA:33,1,4,2200
BRDA:34,1,5,757
BRDA:49,1,6,0
BRF:7
BRH:5
DA:1,4
DA:2,4
DA:5,4
DA:6,4
DA:7,4
DA:8,4
DA:9,4
DA:11,777
DA:13,777
DA:15,777
DA:16,777
DA:17,2977
DA:18,3691
DA:19,3691
DA:20,11073
DA:21,3691
DA:22,3691
DA:23,3691
DA:24,3691
DA:25,2977
DA:26,0
DA:27,0
DA:28,0
DA:29,0
DA:30,0
DA:33,777
DA:34,2977
DA:35,3734
DA:36,3734
DA:37,3734
DA:40,3734
DA:41,3734
DA:42,3734
DA:43,3734
DA:44,3734
DA:46,3734
DA:47,3734
DA:48,2977
DA:49,0
DA:50,0
DA:51,0
DA:52,0
DA:53,0
DA:54,0
DA:55,0
DA:57,777
DA:58,777
LH:35
LF:47
end_of_record
SF:/Users/guy/Workspace/test/dasl/scripts/build/copyComponentStyles/index.ts
FN:28,copyComponentStyles
FNDA:17,copyComponentStyles
FNF:1
FNH:1
BRDA:36,1,0,16
BRDA:37,1,1,0
BRDA:41,1,2,1
BRDA:45,1,3,0
BRDA:51,1,4,16
BRDA:61,1,5,14
BRDA:61,1,6,2
BRDA:70,1,7,0
BRF:8
BRH:5
DA:1,4
DA:2,4
DA:4,4
DA:5,4
DA:6,4
DA:7,4
DA:8,4
DA:9,4
DA:10,4
DA:11,4
DA:12,4
DA:13,4
DA:14,4
DA:22,4
DA:23,4
DA:24,4
DA:25,4
DA:26,4
DA:28,4
DA:29,4
DA:31,21
DA:32,21
DA:35,21
DA:36,21
DA:37,37
DA:38,0
DA:39,0
DA:40,0
DA:41,21
DA:42,22
DA:43,22
DA:44,22
DA:45,22
DA:46,0
DA:47,0
DA:48,0
DA:49,0
DA:50,0
DA:51,0
DA:53,37
DA:54,37
DA:55,37
DA:56,37
DA:57,37
DA:58,37
DA:61,37
DA:62,37
DA:63,37
DA:64,37
DA:66,35
DA:67,35
DA:68,35
DA:69,35
DA:70,0
DA:71,0
DA:72,0
DA:73,0
DA:74,0
DA:75,21
LH:45
LF:59
end_of_record
SF:/Users/guy/Workspace/test/dasl/scripts/build/copyStaticAssets/index.ts
FN:4,copyStaticAssets
FNDA:17,copyStaticAssets
FNF:1
FNH:1
BRDA:11,1,0,0
BRF:1
BRH:0
DA:1,4
DA:2,4
DA:4,4
DA:5,21
DA:6,21
DA:8,21
DA:9,63
DA:10,21
DA:11,0
DA:12,0
DA:14,0
DA:16,0
DA:17,21
LH:9
LF:13
end_of_record
SF:/Users/guy/Workspace/test/dasl/scripts/build/generatePages/analyzeFileAssets/index.ts
FN:4,analyzeFileAssets
FNDA:170,analyzeFileAssets
FNF:1
FNH:1
BRDA:27,1,0,0
BRF:1
BRH:0
DA:1,4
DA:2,4
DA:4,4
DA:5,4
DA:7,174
DA:9,870
DA:10,174
DA:11,174
DA:12,174
DA:13,174
DA:14,174
DA:18,174
DA:21,174
DA:24,696
DA:26,174
DA:27,0
DA:28,0
DA:29,0
DA:30,0
DA:31,174
LH:16
LF:20
end_of_record
SF:/Users/guy/Workspace/test/dasl/scripts/build/generatePages/buildRoute/index.ts
FN:7,buildRoute
FNDA:171,buildRoute
FNF:1
FNH:1
BRDA:20,1,0,154
BRDA:24,1,1,16
BRDA:24,1,2,155
BRDA:31,1,3,170
BRDA:35,1,4,0
BRDA:38,1,5,170
BRDA:56,1,6,16
BRDA:57,1,7,154
BRDA:58,1,8,170
BRDA:65,1,9,1
BRF:10
BRH:9
DA:1,4
DA:2,4
DA:3,4
DA:4,4
DA:7,4
DA:8,4
DA:9,4
DA:10,4
DA:11,4
DA:15,175
DA:16,175
DA:17,175
DA:20,175
DA:21,329
DA:22,329
DA:24,175
DA:26,175
DA:28,175
DA:30,175
DA:31,175
DA:32,345
DA:33,345
DA:35,345
DA:36,0
DA:37,0
DA:38,0
DA:41,345
DA:42,345
DA:45,345
DA:46,345
DA:47,345
DA:48,345
DA:52,345
DA:55,175
DA:56,175
DA:57,175
DA:58,525
DA:61,345
DA:62,345
DA:64,345
DA:65,175
DA:66,176
DA:67,176
DA:68,176
LH:41
LF:44
end_of_record
SF:/Users/guy/Workspace/test/dasl/scripts/build/generatePages/index.ts
FN:6,log
FN:7,info
FN:8,warn
FN:9,error
FN:12,generatePages
FNDA:560,log
FNDA:0,info
FNDA:0,warn
FNDA:1,error
FNDA:17,generatePages
FNF:5
FNH:3
BRDA:49,0,0,0
BRDA:29,5,0,201
BRDA:32,5,1,30
BRDA:32,5,2,171
BRDA:35,5,3,16
BRF:5
BRH:4
DA:1,4
DA:2,4
DA:5,4
DA:6,4
DA:7,0
DA:8,0
DA:9,4
DA:10,4
DA:12,4
DA:13,4
DA:14,4
DA:16,21
DA:17,21
DA:19,21
DA:22,21
DA:24,21
DA:25,21
DA:26,63
DA:27,21
DA:28,21
DA:29,21
DA:30,222
DA:32,222
DA:34,393
DA:35,393
DA:37,37
DA:40,37
DA:41,37
DA:43,37
DA:45,37
DA:46,37
DA:49,4
DA:50,0
DA:51,0
LH:30
LF:34
end_of_record
SF:/Users/guy/Workspace/test/dasl/scripts/build/index.ts
FN:8,buildComplete
FNDA:17,buildComplete
FNF:1
FNH:1
BRDA:26,0,0,0
BRDA:23,1,0,16
BRF:2
BRH:1
DA:1,4
DA:2,4
DA:3,4
DA:4,4
DA:5,4
DA:6,4
DA:8,4
DA:10,21
DA:11,21
DA:14,21
DA:17,21
DA:20,21
DA:23,21
DA:24,21
DA:26,0
DA:27,0
DA:28,0
LH:14
LF:17
end_of_record
SF:/Users/guy/Workspace/test/dasl/scripts/build/transpileComponentScripts/index.ts
FN:31,transpileComponentScripts
FNDA:17,transpileComponentScripts
FNF:1
FNH:1
BRDA:39,1,0,16
BRDA:40,1,1,0
BRDA:44,1,2,1
BRDA:48,1,3,0
BRDA:54,1,4,16
BRDA:64,1,5,14
BRDA:64,1,6,2
BRDA:73,1,7,0
BRF:8
BRH:5
DA:1,4
DA:2,4
DA:4,4
DA:5,4
DA:6,4
DA:7,4
DA:8,4
DA:9,4
DA:10,4
DA:11,4
DA:12,4
DA:13,4
DA:14,4
DA:15,4
DA:16,4
DA:17,4
DA:25,4
DA:26,4
DA:27,4
DA:28,4
DA:29,4
DA:31,4
DA:32,4
DA:34,21
DA:35,21
DA:38,21
DA:39,21
DA:40,37
DA:41,0
DA:42,0
DA:43,0
DA:44,21
DA:45,22
DA:46,22
DA:47,22
DA:48,22
DA:49,0
DA:50,0
DA:51,0
DA:52,0
DA:53,0
DA:54,0
DA:56,37
DA:57,37
DA:58,37
DA:59,37
DA:60,37
DA:61,37
DA:64,37
DA:65,37
DA:66,37
DA:67,37
DA:69,35
DA:70,35
DA:71,35
DA:72,35
DA:73,0
DA:74,0
DA:75,0
DA:76,0
DA:77,0
DA:78,21
LH:48
LF:62
end_of_record
SF:/Users/guy/Workspace/test/dasl/scripts/build/transpileComponentScripts/transpileScriptsRecursive/index.ts
FN:14,transpileScriptsRecursive
FNDA:773,transpileScriptsRecursive
FNF:1
FNH:1
BRDA:23,1,0,2200
BRDA:24,1,1,757
BRDA:31,1,2,2073
BRDA:33,1,3,1429
BRDA:34,1,4,14
BRDA:35,1,5,14
BRDA:37,1,6,14
BRDA:55,1,7,0
BRDA:71,1,8,0
BRF:9
BRH:7
DA:1,4
DA:2,4
DA:3,4
DA:5,4
DA:6,4
DA:14,4
DA:15,4
DA:16,4
DA:17,4
DA:18,4
DA:20,777
DA:22,777
DA:23,777
DA:24,2977
DA:25,3734
DA:26,3734
DA:27,3734
DA:30,3734
DA:31,3734
DA:32,5807
DA:33,5807
DA:34,5807
DA:35,5807
DA:36,5807
DA:37,5807
DA:38,5821
DA:39,5821
DA:40,17463
DA:43,5821
DA:44,5821
DA:47,5821
DA:48,5821
DA:51,5821
DA:52,5821
DA:53,5821
DA:54,5807
DA:55,0
DA:56,0
DA:57,0
DA:58,0
DA:59,0
DA:62,3734
DA:63,3734
DA:64,3734
DA:65,3734
DA:66,3734
DA:68,3734
DA:69,3734
DA:70,2977
DA:71,0
DA:72,0
DA:73,0
DA:74,0
DA:75,0
DA:76,0
DA:77,0
DA:79,777
DA:80,777
LH:46
LF:58
end_of_record
SF:/Users/guy/Workspace/test/dasl/scripts/build/transpileComponentScripts/transpileScriptsRecursive/transpileTypeScript/index.ts
FN:1,transpileTypeScript
FNDA:14,transpileTypeScript
FNF:1
FNH:1
BRDA:41,1,0,0
BRF:1
BRH:0
DA:1,4
DA:2,4
DA:3,4
DA:5,18
DA:8,18
DA:10,18
DA:12,18
DA:14,0
DA:18,0
DA:19,0
DA:21,18
DA:22,18
DA:24,18
DA:26,18
DA:28,18
DA:30,18
DA:32,18
DA:34,18
DA:36,18
DA:38,18
DA:40,18
DA:41,0
DA:42,0
DA:43,0
DA:44,0
DA:45,0
DA:48,0
DA:49,0
DA:50,18
LH:19
LF:29
end_of_record
SF:/Users/guy/Workspace/test/dasl/scripts/clean/index.ts
FN:3,clean
FNDA:4,clean
FNF:1
FNH:1
BRDA:18,0,0,0
BRDA:5,1,0,2
BRDA:10,1,1,0
BRF:3
BRH:1
DA:3,1
DA:4,5
DA:5,15
DA:6,7
DA:7,7
DA:8,7
DA:9,7
DA:10,0
DA:11,0
DA:12,0
DA:13,0
DA:14,7
DA:15,5
DA:18,0
DA:19,0
DA:20,0
LH:9
LF:16
end_of_record
SF:/Users/guy/Workspace/test/dasl/scripts/serve/createServer/getContentType/index.ts
FN:1,getContentType
FNDA:5,getContentType
FNF:1
FNH:1
BRDA:18,1,0,0
BRF:1
BRH:0
DA:1,1
DA:2,6
DA:3,6
DA:4,6
DA:5,6
DA:6,6
DA:7,6
DA:8,6
DA:9,6
DA:10,6
DA:11,6
DA:12,6
DA:13,6
DA:14,6
DA:15,6
DA:16,6
DA:17,6
DA:18,0
DA:19,6
LH:18
LF:19
end_of_record
SF:/Users/guy/Workspace/test/dasl/scripts/serve/createServer/index.ts
FN:9,createServer
FN:20,handler
FN:66,stop
FNDA:3,createServer
FNDA:6,handler
FNDA:3,stop
FNF:3
FNH:3
BRDA:27,2,0,4
BRDA:29,2,1,2
BRDA:30,2,2,0
BRDA:39,2,3,5
BRDA:49,2,4,1
BRDA:50,2,5,0
BRDA:53,2,6,1
BRF:7
BRH:5
DA:1,1
DA:2,1
DA:9,1
DA:10,1
DA:11,1
DA:13,4
DA:15,4
DA:16,4
DA:18,4
DA:20,4
DA:21,10
DA:24,10
DA:27,10
DA:28,14
DA:29,10
DA:30,10
DA:32,0
DA:33,0
DA:34,0
DA:36,0
DA:38,10
DA:39,10
DA:40,10
DA:41,15
DA:44,15
DA:45,15
DA:46,45
DA:47,15
DA:48,15
DA:49,10
DA:50,11
DA:51,0
DA:52,0
DA:53,0
DA:55,32
DA:56,11
DA:59,4
DA:60,16
DA:61,4
DA:64,4
DA:65,4
DA:66,4
DA:67,7
DA:68,7
DA:69,4
DA:70,4
LH:39
LF:46
end_of_record
SF:/Users/guy/Workspace/test/dasl/scripts/setup/index.ts
FN:3,setup
FNDA:2,setup
FNF:1
FNH:1
BRDA:30,0,0,0
BRDA:20,1,0,0
BRDA:24,1,1,0
BRF:3
BRH:0
DA:3,1
DA:4,3
DA:6,3
DA:7,15
DA:8,3
DA:9,3
DA:10,3
DA:12,3
DA:14,3
DA:15,3
DA:16,3
DA:17,3
DA:20,0
DA:21,0
DA:22,0
DA:23,0
DA:24,0
DA:25,0
DA:26,0
DA:27,0
DA:28,0
DA:30,1
DA:31,0
DA:32,0
LH:13
LF:24
end_of_record
SF:/Users/guy/Workspace/test/dasl/scripts/sortImports/sortFileImports/extractImports/categorizeImport/index.ts
FN:3,categorizeImport
FNDA:16,categorizeImport
FNF:1
FNH:1
BRDA:7,1,0,13
BRDA:7,1,1,3
BRDA:9,1,2,13
BRDA:12,1,3,3
BRDA:12,1,4,10
BRDA:13,1,5,3
BRDA:13,1,6,7
BRDA:14,1,7,0
BRDA:14,1,8,7
BRDA:15,1,9,2
BRDA:15,1,10,5
BRF:11
BRH:10
DA:3,1
DA:4,1
DA:7,17
DA:8,20
DA:9,20
DA:12,17
DA:13,17
DA:14,0
DA:15,17
DA:18,22
DA:19,17
LH:10
LF:11
end_of_record
SF:/Users/guy/Workspace/test/dasl/scripts/sortImports/sortFileImports/extractImports/index.ts
FN:8,extractImports
FN:21,visit
FNDA:4,extractImports
FNDA:134,visit
FNF:2
FNH:2
BRDA:56,1,0,3
BRDA:63,1,1,6
BRDA:22,2,0,16
BRDA:24,2,1,15
BRDA:24,2,2,11
BRDA:32,2,3,5
BRDA:32,2,4,11
BRF:7
BRH:7
DA:3,1
DA:5,1
DA:6,1
DA:8,1
DA:12,5
DA:13,5
DA:14,5
DA:15,5
DA:16,5
DA:18,5
DA:19,5
DA:21,5
DA:22,139
DA:23,155
DA:24,155
DA:27,155
DA:28,155
DA:29,155
DA:31,155
DA:32,155
DA:33,155
DA:34,155
DA:35,155
DA:36,155
DA:37,155
DA:39,155
DA:40,155
DA:43,139
DA:44,139
DA:47,5
DA:50,5
DA:53,5
DA:54,5
DA:56,5
DA:57,8
DA:58,8
DA:60,8
DA:63,8
DA:64,8
DA:65,8
DA:66,8
DA:68,5
DA:70,20
DA:71,5
LH:44
LF:44
end_of_record
SF:/Users/guy/Workspace/test/dasl/scripts/sortImports/sortFileImports/extractImports/removeDuplicateImports/index.ts
FN:3,removeDuplicateImports
FNDA:4,removeDuplicateImports
FNF:1
FNH:1
BRDA:12,2,0,0
BRF:1
BRH:0
DA:3,1
DA:4,1
DA:6,5
DA:8,5
DA:10,21
DA:12,0
DA:13,0
DA:14,0
DA:16,21
DA:17,21
DA:18,5
DA:19,5
LH:9
LF:12
end_of_record
SF:/Users/guy/Workspace/test/dasl/scripts/sortImports/sortFileImports/index.ts
FN:4,sortFileImports
FNDA:5,sortFileImports
FNF:1
FNH:1
BRDA:6,1,0,4
BRDA:9,1,1,1
BRDA:9,1,2,3
BRDA:14,1,3,0
BRDA:15,1,4,3
BRDA:18,1,5,3
BRDA:20,1,6,1
BRF:7
BRH:6
DA:1,1
DA:2,1
DA:4,1
DA:5,6
DA:6,6
DA:7,10
DA:9,6
DA:11,9
DA:14,0
DA:15,0
DA:16,0
DA:18,6
DA:19,9
DA:20,6
DA:21,7
DA:22,7
DA:23,6
LH:14
LF:17
end_of_record
SF:/Users/guy/Workspace/test/dasl/scripts/sortImports/sortFileImports/sortImports/index.ts
FN:3,sortImports
FNDA:3,sortImports
FNF:1
FNH:1
BRDA:4,1,0,0
BRDA:19,2,0,17
BRDA:19,2,1,2
BRDA:22,2,2,0
BRDA:24,2,3,2
BRDA:29,2,4,0
BRDA:34,2,5,0
BRDA:36,2,6,0
BRDA:36,2,7,0
BRDA:37,2,8,0
BRDA:56,3,0,13
BRDA:57,3,1,2
BRDA:59,3,2,14
BRDA:69,4,0,11
BRF:14
BRH:7
DA:3,1
DA:4,0
DA:7,12
DA:9,23
DA:10,23
DA:11,23
DA:12,23
DA:13,23
DA:14,23
DA:15,23
DA:16,23
DA:17,23
DA:18,23
DA:19,23
DA:22,0
DA:23,0
DA:24,0
DA:27,25
DA:28,25
DA:29,25
DA:33,0
DA:34,0
DA:36,0
DA:37,0
DA:39,0
DA:40,0
DA:43,4
DA:47,4
DA:48,4
DA:52,4
DA:54,4
DA:55,20
DA:56,20
DA:57,20
DA:58,20
DA:59,20
DA:60,170
DA:61,34
DA:62,34
DA:63,20
DA:64,4
DA:67,4
DA:68,4
DA:69,18
DA:70,29
DA:71,29
DA:72,18
DA:73,4
DA:75,4
DA:76,4
LH:40
LF:50
end_of_record
SF:/Users/guy/Workspace/test/dasl/src/components/buttons/Button/index.tsx
FN:11,default
FNDA:28,default
FNF:1
FNH:1
BRDA:20,1,0,0
BRDA:20,1,1,0
BRF:2
BRH:0
DA:1,4
DA:3,4
DA:11,4
DA:12,4
DA:13,4
DA:14,4
DA:15,4
DA:16,4
DA:17,4
DA:18,4
DA:19,128
DA:20,0
DA:22,32
DA:23,160
DA:24,32
DA:27,32
LH:15
LF:16
end_of_record
SF:/Users/guy/Workspace/test/dasl/src/components/buttons/ButtonBar/index.tsx
FN:10,ButtonBar
FNDA:28,ButtonBar
FNF:1
FNH:1
BRDA:18,1,0,0
BRF:1
BRH:0
DA:3,4
DA:10,4
DA:11,4
DA:12,4
DA:13,4
DA:14,4
DA:15,4
DA:16,128
DA:18,0
DA:20,0
DA:21,0
DA:25,64
DA:26,32
DA:29,32
LH:11
LF:14
end_of_record
SF:/Users/guy/Workspace/test/dasl/src/components/forms/FieldSet/index.tsx
FN:9,FieldSet
FNDA:140,FieldSet
FNF:1
FNH:1
BRDA:20,1,0,14
BRF:1
BRH:1
DA:1,4
DA:9,4
DA:10,4
DA:11,4
DA:12,4
DA:13,4
DA:14,4
DA:15,4
DA:16,576
DA:18,144
DA:19,432
DA:20,144
DA:21,144
DA:24,144
LH:14
LF:14
end_of_record
SF:/Users/guy/Workspace/test/dasl/src/components/forms/Form/index.tsx
FN:10,Form
FNDA:28,Form
FNF:1
FNH:1
BRF:0
BRH:0
DA:3,4
DA:10,4
DA:11,4
DA:12,4
DA:13,4
DA:14,4
DA:15,4
DA:16,128
DA:18,32
DA:19,128
DA:20,128
DA:21,32
DA:24,32
LH:13
LF:13
end_of_record
SF:/Users/guy/Workspace/test/dasl/src/components/forms/InOrUp/index.tsx
FN:13,InOrUp
FNDA:14,InOrUp
FNF:1
FNH:1
BRF:0
BRH:0
DA:1,4
DA:3,4
DA:4,4
DA:5,4
DA:6,4
DA:7,4
DA:9,4
DA:13,4
DA:14,18
DA:15,18
DA:16,18
DA:17,54
DA:19,72
DA:20,18
DA:21,18
DA:22,18
DA:24,18
DA:25,18
DA:27,18
DA:29,18
DA:30,18
DA:32,18
DA:33,18
DA:34,18
DA:35,18
DA:36,54
DA:39,36
DA:40,72
DA:45,18
LH:29
LF:29
end_of_record
SF:/Users/guy/Workspace/test/dasl/src/components/forms/Test/index.tsx
FN:21,Test
FNDA:14,Test
FNF:1
FNH:1
BRF:0
BRH:0
DA:1,4
DA:3,4
DA:4,4
DA:5,4
DA:6,4
DA:7,4
DA:8,4
DA:9,4
DA:10,4
DA:11,4
DA:12,4
DA:13,4
DA:14,4
DA:15,4
DA:17,4
DA:21,4
DA:22,18
DA:23,18
DA:24,18
DA:25,54
DA:27,90
DA:28,36
DA:29,18
DA:30,18
DA:31,18
DA:32,18
DA:33,18
DA:34,18
DA:35,18
DA:36,18
DA:38,18
DA:39,18
DA:40,18
DA:41,18
DA:42,18
DA:43,18
DA:44,18
DA:45,18
DA:47,18
DA:48,18
DA:49,18
DA:50,18
DA:51,18
DA:52,18
DA:53,18
DA:55,18
DA:56,18
DA:57,18
DA:58,18
DA:59,18
DA:60,18
DA:61,18
DA:63,18
DA:64,18
DA:65,18
DA:66,18
DA:67,18
DA:68,18
DA:69,18
DA:70,18
DA:72,18
DA:73,18
DA:74,18
DA:75,18
DA:76,18
DA:77,18
DA:78,18
DA:79,18
DA:80,18
DA:81,18
DA:83,18
DA:84,18
DA:85,18
DA:86,18
DA:87,18
DA:88,18
DA:89,18
DA:91,18
DA:92,18
DA:93,18
DA:94,18
DA:95,18
DA:96,18
DA:97,54
DA:99,18
DA:100,18
DA:101,18
DA:102,18
DA:103,18
DA:105,18
DA:106,18
DA:107,18
DA:108,18
DA:109,18
DA:110,18
DA:112,18
DA:113,18
DA:114,18
DA:115,18
DA:116,18
DA:117,18
DA:119,18
DA:120,18
DA:121,18
DA:122,18
DA:123,18
DA:125,18
DA:126,18
DA:127,18
DA:128,18
DA:129,18
DA:130,18
DA:131,18
DA:132,18
DA:133,18
DA:135,18
DA:136,18
DA:137,18
DA:138,18
DA:139,18
DA:140,72
DA:141,72
DA:142,72
DA:143,72
DA:144,90
DA:145,72
DA:146,72
DA:147,72
DA:148,72
DA:149,18
DA:150,18
DA:152,18
DA:153,18
DA:154,18
DA:155,18
DA:156,18
DA:157,90
DA:158,72
DA:159,72
DA:160,72
DA:161,18
DA:162,18
DA:164,18
DA:165,18
DA:166,18
DA:167,18
DA:168,18
DA:169,18
DA:170,18
DA:171,18
DA:172,18
DA:173,18
DA:174,18
DA:175,18
DA:176,18
DA:177,18
DA:178,18
DA:181,18
DA:182,18
DA:183,18
DA:184,18
DA:185,18
DA:186,18
DA:187,18
DA:191,18
DA:192,54
DA:197,18
LH:167
LF:167
end_of_record
SF:/Users/guy/Workspace/test/dasl/src/components/forms/composites/CheckboxGroup/index.tsx
FN:24,CheckboxGroup
FNDA:42,CheckboxGroup
FNF:1
FNH:1
BRDA:45,2,0,168
BRDA:49,2,1,14
BRDA:49,2,2,168
BRF:3
BRH:3
DA:1,4
DA:8,4
DA:9,4
DA:10,4
DA:12,4
DA:13,4
DA:24,4
DA:25,4
DA:26,4
DA:27,4
DA:28,4
DA:29,4
DA:30,4
DA:31,4
DA:32,4
DA:33,4
DA:34,46
DA:35,46
DA:36,230
DA:37,46
DA:38,46
DA:40,184
DA:41,46
DA:42,46
DA:43,46
DA:44,228
DA:45,228
DA:46,228
DA:47,228
DA:48,228
DA:49,698
DA:55,46
LH:32
LF:32
end_of_record
SF:/Users/guy/Workspace/test/dasl/src/components/forms/composites/LabelWrapper/index.tsx
FN:15,LabelWrapper
FNDA:56,LabelWrapper
FNF:1
FNH:1
BRDA:29,1,0,0
BRDA:30,1,1,0
BRDA:36,1,2,0
BRF:3
BRH:0
DA:4,4
DA:5,4
DA:7,4
DA:15,4
DA:16,4
DA:17,4
DA:18,4
DA:19,4
DA:20,4
DA:21,4
DA:22,4
DA:23,240
DA:25,60
DA:26,60
DA:27,60
DA:29,120
DA:30,120
DA:32,60
DA:33,240
DA:34,240
DA:36,180
DA:38,0
DA:41,60
LH:22
LF:23
end_of_record
SF:/Users/guy/Workspace/test/dasl/src/components/forms/composites/Legend/index.tsx
FN:16,Legend
FNDA:112,Legend
FNF:1
FNH:1
BRDA:28,1,0,70
BRDA:28,1,1,42
BRDA:29,1,2,0
BRDA:35,1,3,70
BRDA:35,1,4,42
BRF:5
BRH:4
DA:4,4
DA:5,4
DA:7,4
DA:16,4
DA:17,4
DA:18,4
DA:19,4
DA:20,4
DA:21,4
DA:22,4
DA:23,464
DA:24,116
DA:25,116
DA:26,116
DA:28,418
DA:29,232
DA:31,116
DA:32,464
DA:33,464
DA:35,604
DA:38,116
LH:21
LF:21
end_of_record
SF:/Users/guy/Workspace/test/dasl/src/components/forms/composites/RadioGroup/index.tsx
FN:28,RadioGroup
FNDA:56,RadioGroup
FNF:1
FNH:1
BRDA:44,2,0,126
BRDA:48,2,1,126
BRDA:48,2,2,70
BRF:3
BRH:3
DA:6,4
DA:7,4
DA:8,4
DA:10,4
DA:11,4
DA:28,4
DA:29,4
DA:30,4
DA:31,4
DA:32,4
DA:33,4
DA:34,4
DA:35,4
DA:36,4
DA:37,4
DA:38,60
DA:39,480
DA:40,240
DA:41,60
DA:42,60
DA:43,256
DA:44,256
DA:45,256
DA:46,256
DA:47,256
DA:48,894
DA:53,60
LH:27
LF:27
end_of_record
SF:/Users/guy/Workspace/test/dasl/src/components/forms/elements/Checkbox/index.tsx
FN:14,Checkbox
FNDA:182,Checkbox
FNF:1
FNH:1
BRF:0
BRH:0
DA:1,4
DA:2,4
DA:14,4
DA:15,4
DA:16,4
DA:17,4
DA:18,4
DA:19,4
DA:20,4
DA:21,4
DA:22,4
DA:23,4
DA:24,744
DA:26,186
DA:27,744
DA:28,558
DA:29,186
DA:30,186
DA:31,186
DA:32,186
DA:33,186
DA:34,186
DA:35,186
DA:39,186
LH:24
LF:24
end_of_record
SF:/Users/guy/Workspace/test/dasl/src/components/forms/elements/Help/index.tsx
FN:8,Help
FNDA:154,Help
FNF:1
FNH:1
BRDA:18,1,0,28
BRF:1
BRH:1
DA:1,4
DA:8,4
DA:9,4
DA:10,4
DA:11,4
DA:12,4
DA:13,4
DA:14,632
DA:16,158
DA:17,474
DA:18,158
DA:21,158
LH:12
LF:12
end_of_record
SF:/Users/guy/Workspace/test/dasl/src/components/forms/elements/Input/index.tsx
FN:7,Input
FNDA:140,Input
FNF:1
FNH:1
BRF:0
BRH:0
DA:1,4
DA:7,4
DA:8,576
DA:10,432
DA:11,144
LH:5
LF:5
end_of_record
SF:/Users/guy/Workspace/test/dasl/src/components/forms/elements/Label/index.tsx
FN:9,Label
FNDA:210,Label
FNF:1
FNH:1
BRDA:17,1,0,42
BRDA:19,1,1,168
BRDA:22,1,2,42
BRF:3
BRH:3
DA:1,4
DA:9,4
DA:10,4
DA:11,4
DA:12,4
DA:13,4
DA:14,4
DA:15,4
DA:16,856
DA:17,214
DA:19,214
DA:21,978
DA:22,214
DA:26,726
DA:27,214
DA:30,214
LH:16
LF:16
end_of_record
SF:/Users/guy/Workspace/test/dasl/src/components/forms/elements/Radio/index.tsx
FN:14,Radio
FNDA:196,Radio
FNF:1
FNH:1
BRF:0
BRH:0
DA:1,4
DA:2,4
DA:14,4
DA:15,4
DA:16,4
DA:17,4
DA:18,4
DA:19,4
DA:20,4
DA:21,4
DA:22,4
DA:23,4
DA:24,800
DA:26,200
DA:27,800
DA:28,600
DA:29,200
DA:30,200
DA:31,200
DA:32,200
DA:33,200
DA:34,200
DA:35,200
DA:39,200
LH:24
LF:24
end_of_record
SF:/Users/guy/Workspace/test/dasl/src/components/forms/elements/Select/index.tsx
FN:14,Select
FNDA:70,Select
FNF:1
FNH:1
BRDA:25,1,0,0
BRF:1
BRH:0
DA:1,4
DA:5,4
DA:14,4
DA:15,4
DA:16,4
DA:17,4
DA:18,4
DA:19,4
DA:20,4
DA:21,296
DA:23,74
DA:24,222
DA:25,0
DA:26,0
DA:27,0
DA:28,6924
DA:29,74
DA:35,74
LH:15
LF:18
end_of_record
SF:/Users/guy/Workspace/test/dasl/src/components/forms/elements/TextArea/index.tsx
FN:7,TextArea
FNDA:14,TextArea
FNF:1
FNH:1
BRF:0
BRH:0
DA:1,4
DA:7,4
DA:8,4
DA:9,4
DA:10,4
DA:11,72
DA:13,54
DA:14,18
LH:8
LF:8
end_of_record
SF:/Users/guy/Workspace/test/dasl/src/components/forms/fields/AutocompleteField/index.tsx
FN:20,AutocompleteField
FNDA:14,AutocompleteField
FNF:1
FNH:1
BRDA:33,1,0,0
BRF:1
BRH:0
DA:4,4
DA:5,4
DA:7,4
DA:8,4
DA:20,4
DA:21,4
DA:22,4
DA:23,4
DA:24,4
DA:25,4
DA:26,4
DA:27,4
DA:28,4
DA:29,4
DA:30,4
DA:31,18
DA:32,18
DA:33,0
DA:34,18
DA:35,144
DA:36,144
DA:37,18
DA:39,18
DA:40,18
DA:41,90
DA:42,18
DA:43,18
DA:44,18
DA:45,18
DA:47,18
DA:48,18
DA:49,18
DA:50,18
DA:51,18
DA:52,18
DA:53,18
DA:54,18
DA:55,18
DA:59,18
LH:38
LF:39
end_of_record
SF:/Users/guy/Workspace/test/dasl/src/components/forms/fields/BooleanField/index.tsx
FN:33,BooleanField
FNDA:42,BooleanField
FNF:1
FNH:1
BRDA:53,1,0,14
BRDA:65,1,1,0
BRDA:72,1,2,28
BRDA:76,1,3,14
BRDA:100,1,4,14
BRF:5
BRH:4
DA:6,4
DA:7,4
DA:8,4
DA:9,4
DA:11,4
DA:12,4
DA:33,4
DA:34,4
DA:35,4
DA:36,4
DA:37,4
DA:38,4
DA:39,4
DA:40,4
DA:41,4
DA:42,4
DA:43,4
DA:44,4
DA:45,4
DA:46,46
DA:47,46
DA:48,46
DA:49,46
DA:50,46
DA:51,46
DA:53,46
DA:55,46
DA:56,300
DA:57,60
DA:58,60
DA:59,60
DA:60,60
DA:62,60
DA:63,60
DA:64,60
DA:65,0
DA:66,60
DA:67,60
DA:68,60
DA:69,240
DA:70,240
DA:71,60
DA:72,60
DA:76,46
DA:78,46
DA:79,88
DA:80,352
DA:81,88
DA:82,88
DA:83,88
DA:84,88
DA:85,88
DA:86,88
DA:87,88
DA:88,88
DA:89,88
DA:90,88
DA:91,88
DA:92,88
DA:93,88
DA:94,88
DA:95,88
DA:96,88
DA:97,88
DA:98,88
DA:99,88
DA:100,88
DA:107,74
DA:108,88
DA:109,352
DA:110,88
DA:111,88
DA:112,88
DA:113,88
DA:114,88
DA:115,88
DA:116,88
DA:117,88
DA:118,88
DA:119,88
DA:120,88
DA:121,88
DA:122,88
DA:123,88
DA:129,46
LH:84
LF:85
end_of_record
SF:/Users/guy/Workspace/test/dasl/src/components/forms/fields/ChooseOneField/index.tsx
FN:32,ChooseOneField
FNDA:28,ChooseOneField
FNF:1
FNH:1
BRDA:46,1,0,14
BRDA:61,1,1,14
BRF:2
BRH:2
DA:6,4
DA:7,4
DA:8,4
DA:10,4
DA:11,4
DA:13,4
DA:32,4
DA:33,4
DA:34,4
DA:35,4
DA:36,4
DA:37,4
DA:38,4
DA:39,4
DA:40,4
DA:41,4
DA:42,4
DA:43,32
DA:44,32
DA:46,32
DA:48,32
DA:49,230
DA:50,46
DA:51,46
DA:52,46
DA:53,46
DA:55,46
DA:56,46
DA:57,46
DA:58,46
DA:59,46
DA:60,46
DA:61,46
DA:66,32
DA:67,184
DA:68,46
DA:69,46
DA:70,46
DA:71,46
DA:72,46
DA:73,46
DA:74,46
DA:80,32
LH:43
LF:43
end_of_record
SF:/Users/guy/Workspace/test/dasl/src/components/forms/fields/EmailAddressField/index.tsx
FN:20,EmailAddressField
FNDA:28,EmailAddressField
FNF:1
FNH:1
BRF:0
BRH:0
DA:1,4
DA:2,4
DA:4,4
DA:5,4
DA:20,4
DA:21,4
DA:22,4
DA:23,4
DA:24,4
DA:25,4
DA:26,4
DA:27,4
DA:28,4
DA:29,4
DA:30,4
DA:31,32
DA:32,32
DA:34,32
DA:35,128
DA:36,128
DA:37,32
DA:40,96
DA:41,32
DA:44,32
DA:45,32
DA:46,32
DA:47,32
DA:48,32
DA:49,32
DA:50,32
DA:51,32
DA:55,32
LH:32
LF:32
end_of_record
SF:/Users/guy/Workspace/test/dasl/src/components/forms/fields/FormattedField/index.tsx
FN:49,FormattedField
FNDA:56,FormattedField
FNF:1
FNH:1
BRF:0
BRH:0
DA:3,4
DA:5,4
DA:6,4
DA:49,4
DA:50,4
DA:51,4
DA:52,4
DA:53,4
DA:54,4
DA:55,4
DA:56,4
DA:57,4
DA:58,4
DA:59,4
DA:60,4
DA:61,4
DA:62,4
DA:63,4
DA:64,60
DA:65,60
DA:66,60
DA:67,60
DA:69,60
DA:70,60
DA:71,60
DA:72,60
DA:73,60
DA:75,180
DA:76,60
DA:79,60
DA:80,60
DA:81,60
DA:82,60
DA:83,60
DA:84,60
DA:86,60
DA:89,60
DA:90,60
DA:91,60
DA:92,60
DA:93,60
DA:94,60
DA:95,60
DA:96,60
DA:97,60
DA:98,60
DA:99,60
DA:101,60
DA:102,60
DA:103,60
DA:104,60
DA:105,60
DA:109,60
LH:53
LF:53
end_of_record
SF:/Users/guy/Workspace/test/dasl/src/components/forms/fields/PhoneNumberField/index.tsx
FN:84,PhoneNumberField
FNDA:14,PhoneNumberField
FNF:1
FNH:1
BRDA:103,3,0,0
BRF:1
BRH:0
DA:8,4
DA:9,4
DA:10,4
DA:11,4
DA:12,4
DA:13,4
DA:14,4
DA:16,4
DA:17,4
DA:18,4
DA:19,4
DA:21,4
DA:47,4
DA:48,4
DA:49,4
DA:50,4
DA:51,44
DA:52,44
DA:53,44
DA:54,44
DA:55,44
DA:56,4
DA:57,4
DA:60,4
DA:61,4
DA:62,4
DA:63,4
DA:64,4
DA:65,4
DA:66,4
DA:67,4
DA:68,4
DA:69,4
DA:71,4
DA:72,4
DA:73,4
DA:74,4
DA:75,24
DA:76,24
DA:77,24
DA:78,24
DA:79,24
DA:80,4
DA:81,4
DA:84,4
DA:85,4
DA:86,4
DA:87,4
DA:88,4
DA:89,4
DA:90,4
DA:91,4
DA:92,4
DA:93,4
DA:94,4
DA:95,4
DA:96,4
DA:97,4
DA:98,4
DA:99,4
DA:100,4
DA:101,4
DA:102,4
DA:103,0
DA:104,0
DA:105,0
DA:108,18
DA:109,18
DA:110,18
DA:113,18
DA:114,18
DA:115,18
DA:116,18
DA:117,18
DA:118,18
DA:119,18
DA:121,18
DA:122,54
DA:123,72
DA:125,36
DA:126,90
DA:127,54
DA:128,18
DA:129,18
DA:130,18
DA:131,18
DA:132,18
DA:133,18
DA:134,18
DA:135,18
DA:136,18
DA:140,90
DA:141,54
DA:142,18
DA:143,18
DA:144,18
DA:145,18
DA:146,18
DA:147,18
DA:148,18
DA:149,18
DA:150,18
DA:151,18
DA:155,90
DA:156,54
DA:157,18
DA:158,18
DA:159,18
DA:160,18
DA:161,18
DA:162,18
DA:163,18
DA:164,18
DA:169,18
DA:170,54
DA:171,18
DA:172,18
DA:173,18
DA:174,72
DA:175,18
DA:176,18
DA:177,18
DA:178,18
DA:179,18
DA:184,18
DA:185,54
DA:186,18
DA:187,18
DA:188,18
DA:189,72
DA:190,18
DA:191,18
DA:192,18
DA:193,18
DA:194,18
DA:199,18
DA:200,54
DA:201,18
DA:202,18
DA:203,72
DA:204,18
DA:205,18
DA:206,18
DA:207,18
DA:213,18
LH:142
LF:145
end_of_record
SF:/Users/guy/Workspace/test/dasl/src/components/forms/fields/TextField/index.tsx
FN:28,TextField
FNDA:28,TextField
FNF:1
FNH:1
BRDA:46,1,0,0
BRDA:64,1,1,14
BRDA:74,1,2,14
BRF:3
BRH:2
DA:1,4
DA:2,4
DA:4,4
DA:5,4
DA:28,4
DA:29,4
DA:30,4
DA:31,4
DA:32,4
DA:33,4
DA:34,4
DA:35,4
DA:36,4
DA:37,4
DA:38,4
DA:39,4
DA:40,4
DA:41,4
DA:42,4
DA:43,4
DA:44,32
DA:45,32
DA:46,0
DA:48,32
DA:49,128
DA:50,128
DA:51,32
DA:54,32
DA:55,32
DA:56,32
DA:57,32
DA:58,32
DA:59,32
DA:61,32
DA:64,32
DA:66,32
DA:67,46
DA:68,46
DA:69,46
DA:70,46
DA:71,46
DA:72,46
DA:73,46
DA:74,46
DA:78,32
DA:79,46
DA:80,46
DA:81,46
DA:82,46
DA:83,46
DA:84,46
DA:85,46
DA:86,46
DA:87,46
DA:92,32
LH:54
LF:55
end_of_record
SF:/Users/guy/Workspace/test/dasl/src/components/forms/fields/TrileanField/index.tsx
FN:32,TrileanField
FNDA:28,TrileanField
FNF:1
FNH:1
BRDA:52,1,0,14
BRDA:72,1,1,14
BRF:2
BRH:2
DA:6,4
DA:7,4
DA:8,4
DA:10,4
DA:11,4
DA:32,4
DA:33,4
DA:34,4
DA:35,4
DA:36,4
DA:37,4
DA:38,4
DA:39,4
DA:40,4
DA:41,4
DA:42,4
DA:43,4
DA:44,4
DA:45,4
DA:46,32
DA:47,32
DA:48,32
DA:49,32
DA:50,32
DA:52,32
DA:54,32
DA:55,230
DA:56,46
DA:57,46
DA:58,46
DA:59,46
DA:61,46
DA:62,46
DA:63,46
DA:64,46
DA:65,46
DA:66,46
DA:67,46
DA:68,184
DA:69,184
DA:70,184
DA:71,46
DA:72,46
DA:77,32
DA:78,46
DA:79,230
DA:80,46
DA:81,46
DA:82,46
DA:83,46
DA:84,46
DA:85,46
DA:86,46
DA:87,46
DA:88,46
DA:89,46
DA:90,46
DA:91,46
DA:92,46
DA:93,46
DA:94,46
DA:95,46
DA:96,46
DA:97,46
DA:98,46
DA:99,46
DA:100,46
DA:101,46
DA:102,46
DA:103,46
DA:104,46
DA:105,46
DA:111,32
LH:73
LF:73
end_of_record
SF:/Users/guy/Workspace/test/dasl/src/components/forms/fields/UrlField/index.tsx
FN:19,UrlField
FNDA:14,UrlField
FNF:1
FNH:1
BRF:0
BRH:0
DA:1,4
DA:3,4
DA:4,4
DA:19,4
DA:20,4
DA:21,4
DA:22,4
DA:23,4
DA:24,4
DA:25,4
DA:26,4
DA:27,4
DA:28,4
DA:29,4
DA:30,18
DA:31,18
DA:33,18
DA:34,72
DA:35,72
DA:36,18
DA:39,18
DA:40,18
DA:41,18
DA:42,18
DA:43,18
DA:44,18
DA:46,18
DA:49,18
DA:50,18
DA:51,18
DA:52,18
DA:53,18
DA:54,18
DA:55,18
DA:56,18
DA:60,18
LH:36
LF:36
end_of_record
SF:/Users/guy/Workspace/test/dasl/src/components/navigation/Aux/index.tsx
FN:10,Aux
FNDA:154,Aux
FNF:1
FNH:1
BRDA:24,2,0,0
BRDA:26,2,1,0
BRF:2
BRH:0
DA:3,4
DA:10,4
DA:11,4
DA:12,4
DA:13,4
DA:14,4
DA:15,158
DA:16,474
DA:17,632
DA:20,158
DA:21,158
DA:22,0
DA:23,0
DA:24,0
DA:25,0
DA:26,0
DA:28,0
DA:29,0
DA:32,1856
DA:35,158
DA:39,158
LH:14
LF:21
end_of_record
SF:/Users/guy/Workspace/test/dasl/src/components/navigation/Menu/index.tsx
FN:10,Menu
FNDA:154,Menu
FNF:1
FNH:1
BRDA:27,2,0,154
BRDA:27,2,1,462
BRDA:30,2,2,0
BRDA:36,2,3,0
BRF:4
BRH:2
DA:3,4
DA:10,4
DA:11,158
DA:12,316
DA:13,158
DA:14,474
DA:15,158
DA:16,158
DA:17,158
DA:18,158
DA:20,316
DA:21,316
DA:22,474
DA:25,474
DA:26,158
DA:27,2476
DA:28,0
DA:29,0
DA:30,0
DA:32,0
DA:33,0
DA:36,0
DA:38,0
DA:39,0
DA:43,1548
DA:44,774
DA:49,158
DA:53,158
LH:20
LF:28
end_of_record
SF:/Users/guy/Workspace/test/dasl/src/components/navigation/SkipLinksBar/index.tsx
FN:8,SkipLinksBar
FNDA:154,SkipLinksBar
FNF:1
FNH:1
BRF:0
BRH:0
DA:1,4
DA:8,4
DA:9,632
DA:11,158
DA:12,316
DA:13,158
DA:14,158
DA:15,158
DA:16,158
DA:17,1398
DA:18,158
DA:25,158
LH:12
LF:12
end_of_record
SF:/Users/guy/Workspace/test/dasl/src/components/page/Footer/index.tsx
FN:9,Footer
FNDA:154,Footer
FNF:1
FNH:1
BRF:0
BRH:0
DA:1,4
DA:3,4
DA:9,4
DA:10,158
DA:11,632
DA:12,158
DA:13,474
DA:15,158
DA:16,316
DA:19,158
LH:10
LF:10
end_of_record
SF:/Users/guy/Workspace/test/dasl/src/components/page/Header/index.tsx
FN:14,Header
FNDA:154,Header
FNF:1
FNH:1
BRF:0
BRH:0
DA:1,4
DA:3,4
DA:4,4
DA:6,4
DA:8,4
DA:14,4
DA:15,158
DA:16,158
DA:17,316
DA:18,474
DA:19,316
DA:20,158
DA:24,158
LH:13
LF:13
end_of_record
SF:/Users/guy/Workspace/test/dasl/src/components/page/Logo/index.tsx
FN:7,Logo
FNDA:154,Logo
FNF:1
FNH:1
BRDA:10,1,0,0
BRF:1
BRH:0
DA:1,4
DA:7,4
DA:8,158
DA:9,474
DA:10,0
DA:11,0
DA:13,474
DA:19,158
LH:6
LF:8
end_of_record
SF:/Users/guy/Workspace/test/dasl/src/components/page/Main/index.tsx
FN:8,Main
FNDA:154,Main
FNF:1
FNH:1
BRF:0
BRH:0
DA:1,4
DA:8,4
DA:9,632
DA:11,158
DA:12,474
DA:13,158
DA:16,158
LH:7
LF:7
end_of_record
SF:/Users/guy/Workspace/test/dasl/src/components/templates/Backstage/index.tsx
FN:12,Backstage
FNDA:14,Backstage
FNF:1
FNH:1
BRF:0
BRH:0
DA:1,4
DA:2,4
DA:3,4
DA:4,4
DA:6,4
DA:12,4
DA:13,18
DA:14,18
DA:15,36
DA:16,36
DA:18,72
DA:19,18
DA:21,36
DA:24,18
LH:14
LF:14
end_of_record
SF:/Users/guy/Workspace/test/dasl/src/components/templates/Contribute/index.tsx
FN:12,Contribute
FNDA:14,Contribute
FNF:1
FNH:1
BRF:0
BRH:0
DA:1,4
DA:2,4
DA:3,4
DA:4,4
DA:6,4
DA:12,4
DA:13,18
DA:14,18
DA:15,36
DA:16,36
DA:18,72
DA:19,18
DA:21,36
DA:24,18
LH:14
LF:14
end_of_record
SF:/Users/guy/Workspace/test/dasl/src/components/templates/Legal/index.tsx
FN:12,Legal
FNDA:42,Legal
FNF:1
FNH:1
BRF:0
BRH:0
DA:1,4
DA:2,4
DA:3,4
DA:4,4
DA:6,4
DA:12,4
DA:13,46
DA:14,46
DA:15,92
DA:16,92
DA:18,184
DA:19,46
DA:21,92
DA:24,46
LH:14
LF:14
end_of_record
SF:/Users/guy/Workspace/test/dasl/src/components/templates/Manage/index.tsx
FN:12,Manage
FNDA:14,Manage
FNF:1
FNH:1
BRF:0
BRH:0
DA:1,4
DA:2,4
DA:3,4
DA:4,4
DA:6,4
DA:12,4
DA:13,18
DA:14,18
DA:15,36
DA:16,36
DA:18,72
DA:19,18
DA:21,36
DA:24,18
LH:14
LF:14
end_of_record
SF:/Users/guy/Workspace/test/dasl/src/components/templates/Moderate/index.tsx
FN:12,Moderate
FNDA:14,Moderate
FNF:1
FNH:1
BRF:0
BRH:0
DA:1,4
DA:2,4
DA:3,4
DA:4,4
DA:6,4
DA:12,4
DA:13,18
DA:14,18
DA:15,36
DA:16,36
DA:18,72
DA:19,18
DA:21,36
DA:24,18
LH:14
LF:14
end_of_record
SF:/Users/guy/Workspace/test/dasl/src/components/templates/Page/index.tsx
FN:12,Page
FNDA:14,Page
FNF:1
FNH:1
BRF:0
BRH:0
DA:1,4
DA:2,4
DA:3,4
DA:4,4
DA:6,4
DA:12,4
DA:13,18
DA:14,18
DA:15,36
DA:16,36
DA:18,72
DA:19,18
DA:21,36
DA:24,18
LH:14
LF:14
end_of_record
SF:/Users/guy/Workspace/test/dasl/src/components/templates/Transaction/index.tsx
FN:12,Transaction
FNDA:42,Transaction
FNF:1
FNH:1
BRF:0
BRH:0
DA:1,4
DA:2,4
DA:3,4
DA:4,4
DA:6,4
DA:12,4
DA:13,46
DA:14,46
DA:15,92
DA:16,92
DA:18,184
DA:19,138
DA:21,92
DA:24,46
LH:14
LF:14
end_of_record
SF:/Users/guy/Workspace/test/dasl/src/components/wrappers/AuxWrapper/index.tsx
FN:19,AuxWrapper
FNDA:154,AuxWrapper
FNF:1
FNH:1
BRF:0
BRH:0
DA:3,4
DA:5,4
DA:11,4
DA:12,16
DA:13,16
DA:14,16
DA:15,16
DA:16,16
DA:17,4
DA:19,4
DA:20,474
DA:21,158
LH:12
LF:12
end_of_record
SF:/Users/guy/Workspace/test/dasl/src/components/wrappers/MenuWrapper/index.tsx
FN:18,MenuWrapper
FNDA:154,MenuWrapper
FNF:1
FNH:1
BRF:0
BRH:0
DA:3,4
DA:5,4
DA:11,4
DA:12,20
DA:13,16
DA:14,16
DA:15,16
DA:16,4
DA:18,4
DA:19,474
DA:20,158
LH:11
LF:11
end_of_record
SF:/Users/guy/Workspace/test/dasl/src/constants/dialing-codes/index.ts
FNF:0
FNH:0
BRF:0
BRH:0
DA:1,4
DA:2,4
DA:3,4
DA:4,4
DA:5,4
DA:6,4
DA:7,4
DA:8,4
DA:9,4
DA:10,4
DA:11,4
DA:12,4
DA:13,4
DA:14,4
DA:15,4
DA:16,4
DA:17,4
DA:18,4
DA:19,4
DA:20,4
DA:21,4
DA:22,4
DA:23,4
DA:24,4
DA:25,4
DA:26,4
DA:27,4
DA:28,4
DA:29,4
DA:30,4
DA:31,4
DA:32,4
DA:33,4
DA:34,4
DA:35,4
DA:36,4
DA:37,4
DA:38,4
DA:39,4
DA:40,4
DA:41,4
DA:42,4
DA:43,4
DA:44,4
DA:45,4
DA:46,4
DA:47,4
DA:48,4
DA:49,4
DA:50,4
DA:51,4
DA:52,4
DA:53,4
DA:54,4
DA:55,4
DA:56,4
DA:57,4
DA:58,4
DA:59,4
DA:60,4
DA:61,4
DA:62,4
DA:63,4
DA:64,4
DA:65,4
DA:66,4
DA:67,4
DA:68,4
DA:69,4
DA:70,4
DA:71,4
DA:72,4
DA:73,4
DA:74,4
DA:75,4
DA:76,4
DA:77,4
DA:78,4
DA:79,4
DA:80,4
DA:81,4
DA:82,4
DA:83,4
DA:84,4
DA:85,4
DA:86,4
DA:87,4
DA:88,4
DA:89,4
DA:90,4
DA:91,4
DA:92,4
DA:93,4
DA:94,4
DA:95,4
DA:96,4
DA:97,4
DA:98,4
DA:99,4
DA:100,4
DA:101,4
DA:102,4
DA:103,4
DA:104,4
DA:105,4
DA:106,4
DA:107,4
DA:108,4
DA:109,4
DA:110,4
DA:111,4
DA:112,4
DA:113,4
DA:114,4
DA:115,4
DA:116,4
DA:117,4
DA:118,4
DA:119,4
DA:120,4
DA:121,4
DA:122,4
DA:123,4
DA:124,4
DA:125,4
DA:126,4
DA:127,4
DA:128,4
DA:129,4
DA:130,4
DA:131,4
DA:132,4
DA:133,4
DA:134,4
DA:135,4
DA:136,4
DA:137,4
DA:138,4
DA:139,4
DA:140,4
DA:141,4
DA:142,4
DA:143,4
DA:144,4
DA:145,4
DA:146,4
DA:147,4
DA:148,4
DA:149,4
DA:150,4
DA:151,4
DA:152,4
DA:153,4
DA:154,4
DA:155,4
DA:156,4
DA:157,4
DA:158,4
DA:159,4
DA:160,4
DA:161,4
DA:162,4
DA:163,4
DA:164,4
DA:165,4
DA:166,4
DA:167,4
DA:168,4
DA:169,4
DA:170,4
DA:171,4
DA:172,4
DA:173,4
DA:174,4
DA:175,4
DA:176,4
DA:177,4
DA:178,4
DA:179,4
DA:180,4
DA:181,4
DA:182,4
DA:183,4
DA:184,4
DA:185,4
DA:186,4
DA:187,4
DA:188,4
DA:189,4
DA:190,4
DA:191,4
DA:192,4
DA:193,4
DA:194,4
DA:195,4
DA:196,4
DA:197,4
DA:198,4
DA:199,4
DA:200,4
DA:201,4
DA:202,4
DA:203,4
DA:204,4
DA:205,4
DA:206,4
DA:207,4
DA:208,4
DA:209,4
DA:210,4
DA:211,4
DA:212,4
DA:213,4
DA:214,4
DA:215,4
DA:216,4
DA:217,4
DA:218,4
DA:219,4
DA:220,4
DA:221,4
DA:222,4
DA:223,4
DA:224,4
DA:225,4
DA:226,4
DA:227,4
DA:228,4
DA:229,4
DA:230,4
DA:231,4
DA:232,4
DA:233,4
DA:234,4
DA:235,4
DA:236,4
DA:237,4
DA:238,4
DA:239,4
DA:240,4
DA:241,4
DA:242,4
DA:243,4
DA:244,4
DA:245,4
DA:246,4
DA:247,4
DA:248,4
DA:249,4
DA:250,4
DA:251,4
DA:252,4
DA:253,4
DA:254,4
DA:255,4
DA:256,4
DA:257,4
DA:258,4
DA:259,4
DA:260,4
DA:261,4
DA:262,4
DA:263,4
DA:264,4
DA:265,4
DA:266,4
DA:267,4
DA:268,4
DA:269,4
DA:270,4
DA:271,4
DA:272,4
DA:273,4
DA:274,4
DA:275,4
DA:276,4
DA:277,4
DA:278,4
DA:279,4
DA:280,4
DA:281,4
DA:282,4
DA:283,4
DA:284,4
DA:285,4
DA:286,4
DA:287,4
DA:288,4
DA:289,4
DA:290,4
DA:291,4
DA:292,4
DA:293,4
DA:294,4
DA:295,4
DA:296,4
DA:297,4
DA:298,4
DA:299,4
DA:300,4
DA:301,4
DA:302,4
DA:303,4
DA:304,4
DA:305,4
DA:306,4
DA:307,4
DA:308,4
DA:309,4
DA:310,4
DA:311,4
DA:312,4
DA:313,4
DA:314,4
DA:315,4
DA:316,4
DA:317,4
DA:318,4
DA:319,4
DA:320,4
DA:321,4
DA:322,4
DA:323,4
DA:324,4
DA:325,4
DA:326,4
DA:327,4
DA:328,4
DA:329,4
DA:330,4
DA:331,4
DA:332,4
DA:333,4
DA:334,4
DA:335,4
DA:336,4
DA:337,4
DA:338,4
DA:339,4
DA:340,4
DA:341,4
DA:342,4
DA:343,4
DA:344,4
DA:345,4
DA:346,4
DA:347,4
DA:348,4
DA:349,4
DA:350,4
DA:351,4
DA:352,4
DA:353,4
DA:354,4
DA:355,4
DA:356,4
DA:357,4
DA:358,4
DA:359,4
DA:360,4
DA:361,4
DA:362,4
DA:363,4
DA:364,4
DA:365,4
DA:366,4
DA:367,4
DA:368,4
DA:369,4
DA:370,4
DA:371,4
DA:372,4
DA:373,4
DA:374,4
DA:375,4
DA:376,4
DA:377,4
DA:378,4
DA:379,4
DA:380,4
DA:381,4
DA:382,4
DA:383,4
DA:384,4
DA:385,4
DA:386,4
DA:387,4
DA:388,4
DA:389,4
DA:390,4
DA:391,4
DA:392,4
DA:393,4
DA:394,4
DA:395,4
DA:396,4
DA:397,4
DA:398,4
DA:399,4
DA:400,4
DA:401,4
DA:402,4
DA:403,4
DA:404,4
DA:405,4
DA:406,4
DA:407,4
DA:408,4
DA:409,4
DA:410,4
DA:411,4
DA:412,4
DA:413,4
DA:414,4
DA:415,4
DA:416,4
DA:417,4
DA:418,4
DA:419,4
DA:420,4
DA:421,4
DA:422,4
DA:423,4
DA:424,4
DA:425,4
DA:426,4
DA:427,4
DA:428,4
DA:429,4
DA:430,4
DA:431,4
DA:432,4
DA:433,4
DA:434,4
DA:435,4
DA:436,4
DA:437,4
DA:438,4
DA:439,4
DA:440,4
DA:441,4
DA:442,4
DA:443,4
DA:444,4
DA:445,4
DA:446,4
DA:447,4
DA:448,4
DA:449,4
DA:450,4
DA:451,4
DA:452,4
DA:453,4
DA:454,4
DA:455,4
DA:456,4
DA:457,4
DA:458,4
DA:459,4
DA:460,4
DA:461,4
DA:462,4
DA:463,4
DA:464,4
DA:465,4
DA:466,4
DA:467,4
DA:468,4
DA:469,4
DA:470,4
DA:471,4
DA:472,4
DA:473,4
DA:474,4
DA:475,4
DA:476,4
DA:477,4
DA:478,4
DA:479,4
DA:480,4
DA:481,4
DA:482,4
DA:483,4
DA:484,4
DA:485,4
DA:486,4
DA:487,4
DA:488,4
DA:489,4
DA:490,4
DA:491,4
DA:492,4
DA:493,4
DA:494,4
DA:495,4
DA:496,4
DA:497,4
DA:498,4
DA:499,4
DA:500,4
DA:501,4
DA:502,4
DA:503,4
DA:504,4
DA:505,4
DA:506,4
DA:507,4
DA:508,4
DA:509,4
DA:510,4
DA:511,4
DA:512,4
DA:513,4
DA:514,4
DA:515,4
DA:516,4
DA:517,4
DA:518,4
DA:519,4
DA:520,4
DA:521,4
DA:522,4
DA:523,4
DA:524,4
DA:525,4
DA:526,4
DA:527,4
DA:528,4
DA:529,4
DA:530,4
DA:531,4
DA:532,4
DA:533,4
DA:534,4
DA:535,4
DA:536,4
DA:537,4
DA:538,4
DA:539,4
DA:540,4
DA:541,4
DA:542,4
DA:543,4
DA:544,4
DA:545,4
DA:546,4
DA:547,4
DA:548,4
DA:549,4
DA:550,4
DA:551,4
DA:552,4
DA:553,4
DA:554,4
DA:555,4
DA:556,4
DA:557,4
DA:558,4
DA:559,4
DA:560,4
DA:561,4
DA:562,4
DA:563,4
DA:564,4
DA:565,4
DA:566,4
DA:567,4
DA:568,4
DA:569,4
DA:570,4
DA:571,4
DA:572,4
DA:573,4
DA:574,4
DA:575,4
DA:576,4
DA:577,4
DA:578,4
DA:579,4
DA:580,4
DA:581,4
DA:582,4
DA:583,4
DA:584,4
DA:585,4
DA:586,4
DA:587,4
DA:588,4
DA:589,4
DA:590,4
DA:591,4
DA:592,4
DA:593,4
DA:594,4
DA:595,4
DA:596,4
DA:597,4
DA:598,4
DA:599,4
DA:600,4
DA:601,4
DA:602,4
DA:603,4
DA:604,4
DA:605,4
DA:606,4
DA:607,4
DA:608,4
DA:609,4
DA:610,4
DA:611,4
DA:612,4
DA:613,4
DA:614,4
DA:615,4
DA:616,4
DA:617,4
DA:618,4
DA:619,4
DA:620,4
DA:621,4
DA:622,4
DA:623,4
DA:624,4
DA:625,4
DA:626,4
DA:627,4
DA:628,4
DA:629,4
DA:630,4
DA:631,4
DA:632,4
DA:633,4
DA:634,4
DA:635,4
DA:636,4
DA:637,4
DA:638,4
DA:639,4
DA:640,4
DA:641,4
DA:642,4
DA:643,4
DA:644,4
DA:645,4
DA:646,4
DA:647,4
DA:648,4
DA:649,4
DA:650,4
DA:651,4
DA:652,4
DA:653,4
DA:654,4
DA:655,4
DA:656,4
DA:657,4
DA:658,4
DA:659,4
DA:660,4
DA:661,4
DA:662,4
DA:663,4
DA:664,4
DA:665,4
DA:666,4
DA:667,4
DA:668,4
DA:669,4
DA:670,4
DA:671,4
DA:672,4
DA:673,4
DA:674,4
DA:675,4
DA:676,4
DA:677,4
DA:678,4
DA:679,4
DA:680,4
DA:681,4
DA:682,4
DA:683,4
DA:684,4
DA:685,4
DA:686,4
DA:687,4
DA:688,4
DA:689,4
DA:690,4
DA:691,4
DA:692,4
DA:693,4
DA:694,4
DA:695,4
DA:696,4
DA:697,4
DA:698,4
DA:699,4
DA:700,4
DA:701,4
DA:702,4
DA:703,4
DA:704,4
DA:705,4
DA:706,4
DA:707,4
DA:708,4
DA:709,4
DA:710,4
DA:711,4
DA:712,4
DA:713,4
DA:714,4
DA:715,4
DA:716,4
DA:717,4
DA:718,4
DA:719,4
DA:720,4
DA:721,4
DA:722,4
DA:723,4
DA:724,4
DA:725,4
DA:726,4
DA:727,4
DA:728,4
DA:729,4
DA:730,4
DA:731,4
DA:732,4
DA:733,4
DA:734,4
DA:735,4
DA:736,4
DA:737,4
DA:738,4
DA:739,4
DA:740,4
DA:741,4
DA:742,4
DA:743,4
DA:744,4
DA:745,4
DA:746,4
DA:747,4
DA:748,4
DA:749,4
DA:750,4
DA:751,4
DA:752,4
DA:753,4
DA:754,4
DA:755,4
DA:756,4
DA:757,4
DA:758,4
DA:759,4
DA:760,4
DA:761,4
DA:762,4
DA:763,4
DA:764,4
DA:765,4
DA:766,4
DA:767,4
DA:768,4
DA:769,4
DA:770,4
DA:771,4
DA:772,4
DA:773,4
DA:774,4
DA:775,4
DA:776,4
DA:777,4
DA:778,4
DA:779,4
DA:780,4
DA:781,4
DA:782,4
DA:783,4
DA:784,4
DA:785,4
DA:786,4
DA:787,4
DA:788,4
DA:789,4
DA:790,4
DA:791,4
DA:792,4
DA:793,4
DA:794,4
DA:795,4
DA:796,4
DA:797,4
DA:798,4
DA:799,4
DA:800,4
DA:801,4
DA:802,4
DA:803,4
DA:804,4
DA:805,4
DA:806,4
DA:807,4
DA:808,4
DA:809,4
DA:810,4
DA:811,4
DA:812,4
DA:813,4
DA:814,4
DA:815,4
DA:816,4
DA:817,4
DA:818,4
DA:819,4
DA:820,4
DA:821,4
DA:822,4
DA:823,4
DA:824,4
DA:825,4
DA:826,4
DA:827,4
DA:828,4
DA:829,4
DA:830,4
DA:831,4
DA:832,4
DA:833,4
DA:834,4
DA:835,4
DA:836,4
DA:837,4
DA:838,4
DA:839,4
DA:840,4
DA:841,4
DA:842,4
DA:843,4
DA:844,4
DA:845,4
DA:846,4
DA:847,4
DA:848,4
DA:849,4
DA:850,4
DA:851,4
DA:852,4
DA:853,4
DA:854,4
DA:855,4
DA:856,4
DA:857,4
DA:858,4
DA:859,4
DA:860,4
DA:861,4
DA:862,4
DA:863,4
DA:864,4
DA:865,4
DA:866,4
DA:867,4
DA:868,4
DA:869,4
DA:870,4
DA:871,4
DA:872,4
DA:873,4
DA:874,4
DA:875,4
DA:876,4
DA:877,4
DA:878,4
DA:879,4
DA:880,4
DA:881,4
DA:882,4
DA:883,4
DA:884,4
DA:885,4
DA:886,4
DA:887,4
DA:888,4
DA:889,4
DA:890,4
DA:891,4
DA:892,4
DA:893,4
DA:894,4
DA:895,4
DA:896,4
DA:897,4
DA:898,4
DA:899,4
DA:900,4
DA:901,4
DA:902,4
DA:903,4
DA:904,4
DA:905,4
DA:906,4
DA:907,4
DA:908,4
DA:909,4
DA:910,4
DA:911,4
DA:912,4
DA:913,4
DA:914,4
DA:915,4
DA:916,4
DA:917,4
DA:918,4
DA:919,4
DA:920,4
DA:921,4
DA:922,4
DA:923,4
DA:924,4
DA:925,4
DA:926,4
DA:927,4
DA:928,4
DA:929,4
DA:930,4
DA:931,4
DA:932,4
DA:933,4
DA:934,4
DA:935,4
DA:936,4
DA:937,4
DA:938,4
DA:939,4
DA:940,4
DA:941,4
DA:942,4
DA:943,4
DA:944,4
DA:945,4
DA:946,4
DA:947,4
DA:948,4
DA:949,4
DA:950,4
DA:951,4
DA:952,4
DA:953,4
DA:954,4
DA:955,4
DA:956,4
DA:957,4
DA:958,4
DA:959,4
DA:960,4
DA:961,4
DA:962,4
DA:963,4
DA:964,4
DA:965,4
DA:966,4
DA:967,4
DA:968,4
DA:969,4
DA:970,4
DA:971,4
DA:972,4
DA:973,4
DA:974,4
DA:975,4
DA:976,4
DA:977,4
DA:978,4
DA:979,4
DA:980,4
DA:981,4
DA:982,4
DA:983,4
DA:984,4
DA:985,4
DA:986,4
DA:987,4
DA:988,4
DA:989,4
DA:990,4
DA:991,4
DA:992,4
DA:993,4
DA:994,4
DA:995,4
DA:996,4
DA:997,4
DA:998,4
DA:999,4
DA:1000,4
DA:1001,4
DA:1002,4
DA:1003,4
DA:1004,4
DA:1005,4
DA:1006,4
DA:1007,4
DA:1008,4
DA:1009,4
DA:1010,4
DA:1011,4
DA:1012,4
DA:1013,4
DA:1014,4
DA:1015,4
DA:1016,4
DA:1017,4
DA:1018,4
DA:1019,4
DA:1020,4
DA:1021,4
DA:1022,4
DA:1023,4
DA:1024,4
DA:1025,4
DA:1026,4
DA:1027,4
DA:1028,4
DA:1029,4
DA:1030,4
DA:1031,4
DA:1032,4
DA:1033,4
DA:1034,4
DA:1035,4
DA:1036,4
DA:1037,4
DA:1038,4
DA:1039,4
DA:1040,4
DA:1041,4
DA:1042,4
DA:1043,4
DA:1044,4
DA:1045,4
DA:1046,4
DA:1047,4
DA:1048,4
DA:1049,4
DA:1050,4
DA:1051,4
DA:1052,4
DA:1053,4
DA:1054,4
DA:1055,4
DA:1056,4
DA:1057,4
DA:1058,4
DA:1059,4
DA:1060,4
DA:1061,4
DA:1062,4
DA:1063,4
DA:1064,4
DA:1065,4
DA:1066,4
DA:1067,4
DA:1068,4
DA:1069,4
DA:1070,4
DA:1071,4
DA:1072,4
DA:1073,4
DA:1074,4
DA:1075,4
DA:1076,4
DA:1077,4
DA:1078,4
DA:1079,4
DA:1080,4
DA:1081,4
DA:1082,4
DA:1083,4
DA:1084,4
DA:1085,4
DA:1086,4
DA:1087,4
DA:1088,4
DA:1089,4
DA:1090,4
DA:1091,4
DA:1092,4
DA:1093,4
DA:1094,4
DA:1095,4
DA:1096,4
DA:1097,4
DA:1098,4
DA:1099,4
DA:1100,4
DA:1101,4
DA:1102,4
DA:1103,4
DA:1104,4
DA:1105,4
DA:1106,4
DA:1107,4
DA:1108,4
DA:1109,4
DA:1110,4
DA:1111,4
DA:1112,4
DA:1113,4
DA:1114,4
DA:1115,4
DA:1116,4
DA:1117,4
DA:1118,4
DA:1119,4
DA:1120,4
DA:1121,4
DA:1122,4
DA:1123,4
DA:1124,4
DA:1125,4
DA:1126,4
DA:1127,4
DA:1128,4
DA:1129,4
DA:1130,4
DA:1131,4
DA:1132,4
DA:1133,4
DA:1134,4
DA:1135,4
DA:1136,4
DA:1137,4
DA:1138,4
DA:1139,4
DA:1140,4
DA:1141,4
DA:1142,4
DA:1143,4
DA:1144,4
DA:1145,4
DA:1146,4
DA:1147,4
DA:1148,4
DA:1149,4
DA:1150,4
DA:1151,4
DA:1152,4
DA:1153,4
DA:1154,4
DA:1155,4
DA:1156,4
DA:1157,4
DA:1158,4
DA:1159,4
DA:1160,4
DA:1161,4
DA:1162,4
DA:1163,4
DA:1164,4
DA:1165,4
DA:1166,4
DA:1167,4
DA:1168,4
DA:1169,4
DA:1170,4
DA:1171,4
DA:1172,4
DA:1173,4
DA:1174,4
DA:1175,4
DA:1176,4
DA:1177,4
DA:1178,4
DA:1179,4
DA:1180,4
DA:1181,4
DA:1182,4
DA:1183,4
DA:1184,4
DA:1185,4
DA:1186,4
DA:1187,4
DA:1188,4
DA:1189,4
DA:1190,4
DA:1191,4
DA:1192,4
DA:1193,4
DA:1194,4
DA:1195,4
DA:1196,4
DA:1197,4
DA:1198,4
DA:1199,4
DA:1200,4
DA:1201,4
DA:1202,4
DA:1203,4
DA:1204,4
DA:1205,4
DA:1206,4
DA:1207,4
DA:1208,4
DA:1209,4
DA:1210,4
DA:1211,4
DA:1212,4
DA:1213,4
DA:1214,4
DA:1215,4
DA:1216,4
DA:1217,4
DA:1218,4
DA:1219,4
DA:1220,4
DA:1221,4
DA:1222,4
DA:1223,4
DA:1224,4
DA:1225,4
DA:1226,4
DA:1227,4
DA:1228,4
DA:1229,4
DA:1230,4
DA:1231,4
DA:1232,4
DA:1233,4
DA:1234,4
DA:1235,4
DA:1236,4
DA:1237,4
DA:1238,4
DA:1239,4
DA:1240,4
DA:1241,4
DA:1242,4
DA:1243,4
DA:1244,4
DA:1245,4
DA:1246,4
DA:1247,4
DA:1248,4
DA:1249,4
DA:1250,4
DA:1251,4
DA:1252,4
DA:1253,4
DA:1254,4
DA:1255,4
DA:1256,4
DA:1257,4
DA:1258,4
DA:1259,4
DA:1260,4
DA:1261,4
DA:1262,4
DA:1263,4
DA:1264,4
DA:1265,4
DA:1266,4
DA:1267,4
DA:1268,4
DA:1269,4
DA:1270,4
DA:1271,4
DA:1272,4
DA:1273,4
DA:1274,4
DA:1275,4
DA:1276,4
DA:1277,4
DA:1278,4
DA:1279,4
DA:1280,4
DA:1281,4
DA:1282,4
DA:1283,4
DA:1284,4
DA:1285,4
DA:1286,4
DA:1287,4
DA:1288,4
DA:1289,4
DA:1290,4
DA:1291,4
DA:1292,4
DA:1293,4
DA:1294,4
DA:1295,4
DA:1296,4
DA:1297,4
DA:1298,4
DA:1299,4
DA:1300,4
DA:1301,4
DA:1302,4
DA:1303,4
DA:1304,4
DA:1305,4
DA:1306,4
DA:1307,4
DA:1308,4
DA:1309,4
DA:1310,4
DA:1311,4
DA:1312,4
DA:1313,4
DA:1314,4
DA:1315,4
DA:1316,4
DA:1317,4
DA:1318,4
DA:1319,4
DA:1320,4
DA:1321,4
DA:1322,4
DA:1323,4
DA:1324,4
DA:1325,4
DA:1326,4
DA:1327,4
DA:1328,4
DA:1329,4
DA:1330,4
DA:1331,4
DA:1332,4
DA:1333,4
DA:1334,4
DA:1335,4
DA:1336,4
DA:1337,4
DA:1338,4
DA:1339,4
DA:1340,4
DA:1341,4
DA:1342,4
DA:1343,4
DA:1344,4
DA:1345,4
DA:1346,4
DA:1347,4
DA:1348,4
DA:1349,4
DA:1350,4
DA:1351,4
DA:1352,4
DA:1353,4
DA:1354,4
DA:1355,4
DA:1356,4
DA:1357,4
DA:1358,4
DA:1359,4
DA:1360,4
DA:1361,4
DA:1362,4
DA:1363,4
DA:1364,4
DA:1365,4
DA:1366,4
DA:1367,4
DA:1368,4
DA:1369,4
DA:1370,4
DA:1371,4
DA:1372,4
DA:1373,4
DA:1374,4
DA:1375,4
DA:1376,4
DA:1377,4
DA:1378,4
DA:1379,4
DA:1380,4
DA:1381,4
DA:1382,4
DA:1383,4
DA:1384,4
DA:1385,4
DA:1386,4
DA:1387,4
DA:1388,4
DA:1389,4
DA:1390,4
DA:1391,4
DA:1392,4
DA:1393,4
DA:1394,4
DA:1395,4
DA:1396,4
DA:1397,4
DA:1398,4
DA:1399,4
DA:1400,4
DA:1401,4
DA:1402,4
DA:1403,4
DA:1404,4
DA:1405,4
DA:1406,4
DA:1407,4
DA:1408,4
DA:1409,4
DA:1410,4
DA:1411,4
DA:1412,4
DA:1413,4
DA:1414,4
DA:1415,4
DA:1416,4
DA:1417,4
DA:1418,4
DA:1419,4
DA:1420,4
DA:1421,4
DA:1422,4
DA:1423,4
DA:1424,4
DA:1425,4
DA:1426,4
DA:1427,4
DA:1428,4
DA:1429,4
DA:1430,4
DA:1431,4
DA:1432,4
DA:1433,4
DA:1434,4
DA:1435,4
DA:1436,4
DA:1437,4
DA:1438,4
DA:1439,4
DA:1440,4
DA:1441,4
DA:1442,4
DA:1443,4
DA:1444,4
DA:1445,4
DA:1446,4
DA:1447,4
DA:1448,4
DA:1449,4
DA:1450,4
DA:1451,4
DA:1452,4
DA:1453,4
DA:1454,4
DA:1455,4
DA:1456,4
DA:1457,4
DA:1458,4
DA:1459,4
DA:1460,4
DA:1461,4
DA:1462,4
DA:1463,4
DA:1464,4
DA:1465,4
DA:1466,4
DA:1467,4
DA:1468,4
DA:1469,4
DA:1470,4
DA:1471,4
DA:1472,4
DA:1473,4
DA:1474,4
DA:1475,4
DA:1476,4
DA:1477,4
DA:1478,4
DA:1479,4
DA:1480,4
DA:1481,4
DA:1482,4
DA:1483,4
DA:1484,4
DA:1485,4
DA:1486,4
DA:1487,4
DA:1488,4
DA:1489,4
DA:1490,4
DA:1491,4
DA:1492,4
DA:1493,4
DA:1494,4
DA:1495,4
DA:1496,4
DA:1497,4
DA:1498,4
DA:1499,4
DA:1500,4
DA:1501,4
DA:1502,4
DA:1503,4
DA:1504,4
DA:1505,4
DA:1506,4
DA:1507,4
DA:1508,4
DA:1509,4
DA:1510,4
DA:1511,4
DA:1512,4
DA:1513,4
DA:1514,4
DA:1515,4
DA:1516,4
DA:1517,4
DA:1518,4
DA:1519,4
DA:1520,4
DA:1521,4
DA:1522,4
DA:1523,4
DA:1524,4
DA:1525,4
DA:1526,4
DA:1527,4
DA:1528,4
DA:1529,4
DA:1530,4
DA:1531,4
DA:1532,4
DA:1533,4
DA:1534,4
DA:1535,4
DA:1536,4
DA:1537,4
DA:1538,4
DA:1539,4
DA:1540,4
DA:1541,4
DA:1542,4
DA:1543,4
DA:1544,4
DA:1545,4
DA:1546,4
DA:1547,4
DA:1548,4
DA:1549,4
DA:1550,4
DA:1551,4
DA:1552,4
DA:1553,4
DA:1554,4
DA:1555,4
DA:1556,4
DA:1557,4
DA:1558,4
DA:1559,4
DA:1560,4
DA:1561,4
DA:1562,4
DA:1563,4
DA:1564,4
DA:1565,4
DA:1566,4
DA:1567,4
DA:1568,4
DA:1569,4
DA:1570,4
DA:1571,4
DA:1572,4
DA:1573,4
DA:1574,4
DA:1575,4
DA:1576,4
DA:1577,4
DA:1578,4
DA:1579,4
DA:1580,4
DA:1581,4
DA:1582,4
DA:1583,4
DA:1584,4
DA:1585,4
DA:1586,4
DA:1587,4
DA:1588,4
DA:1589,4
DA:1590,4
DA:1591,4
DA:1592,4
DA:1593,4
DA:1594,4
DA:1595,4
DA:1596,4
DA:1597,4
DA:1598,4
DA:1599,4
DA:1600,4
DA:1601,4
DA:1602,4
DA:1603,4
DA:1604,4
DA:1605,4
DA:1606,4
DA:1607,4
DA:1608,4
DA:1609,4
DA:1610,4
DA:1611,4
DA:1612,4
DA:1613,4
DA:1614,4
DA:1615,4
DA:1616,4
DA:1617,4
DA:1618,4
DA:1619,4
DA:1620,4
DA:1621,4
DA:1622,4
DA:1623,4
DA:1624,4
DA:1625,4
DA:1626,4
DA:1627,4
DA:1628,4
DA:1629,4
DA:1630,4
DA:1631,4
DA:1632,4
DA:1633,4
DA:1634,4
DA:1635,4
DA:1636,4
DA:1637,4
DA:1638,4
DA:1639,4
DA:1640,4
DA:1641,4
DA:1642,4
DA:1643,4
DA:1644,4
DA:1645,4
DA:1646,4
DA:1647,4
DA:1648,4
DA:1649,4
DA:1650,4
DA:1651,4
DA:1652,4
DA:1653,4
DA:1654,4
DA:1655,4
DA:1656,4
DA:1657,4
DA:1658,4
DA:1659,4
DA:1660,4
DA:1661,4
DA:1662,4
DA:1663,4
DA:1664,4
DA:1665,4
DA:1666,4
DA:1667,4
DA:1668,4
DA:1669,4
DA:1670,4
DA:1671,4
DA:1672,4
DA:1673,4
DA:1674,4
DA:1675,4
DA:1676,4
DA:1677,4
DA:1678,4
DA:1679,4
DA:1680,4
DA:1681,4
DA:1682,4
DA:1683,4
DA:1684,4
DA:1685,4
DA:1686,4
DA:1687,4
DA:1688,4
DA:1689,4
DA:1690,4
DA:1691,4
DA:1692,4
DA:1693,4
DA:1694,4
DA:1695,4
DA:1696,4
LH:1696
LF:1696
end_of_record
SF:/Users/guy/Workspace/test/dasl/src/constants/forms/index.ts
FNF:0
FNH:0
BRF:0
BRH:0
DA:6,4
DA:7,4
DA:8,4
DA:9,4
DA:10,4
DA:11,4
DA:12,4
DA:13,4
DA:14,4
DA:15,4
DA:16,4
DA:17,4
DA:19,4
DA:24,4
DA:25,4
DA:26,4
DA:27,4
DA:28,4
DA:29,4
DA:30,4
LH:20
LF:20
end_of_record
SF:/Users/guy/Workspace/test/dasl/src/constants/skip-links/index.ts
FNF:0
FNH:0
BRF:0
BRH:0
DA:1,4
DA:2,4
DA:3,4
DA:4,4
DA:5,4
DA:6,4
DA:7,4
DA:8,4
DA:9,4
DA:10,4
DA:11,4
DA:12,4
DA:13,4
DA:14,4
DA:15,4
DA:16,4
DA:17,4
LH:17
LF:17
end_of_record
SF:/Users/guy/Workspace/test/dasl/src/routes/_app.tsx
FN:15,App
FNDA:170,App
FNF:1
FNH:1
BRF:0
BRH:0
DA:1,4
DA:3,4
DA:4,4
DA:7,16
DA:15,4
DA:16,174
DA:18,174
DA:19,348
DA:20,174
DA:21,348
DA:22,522
DA:23,522
DA:24,522
DA:25,522
DA:26,522
DA:27,522
DA:28,522
DA:29,522
DA:30,522
DA:31,174
DA:32,174
DA:34,174
DA:35,174
DA:39,174
LH:24
LF:24
end_of_record
SF:/Users/guy/Workspace/test/dasl/src/routes/about/index.tsx
FN:10,Head
FN:20,default
FNDA:14,Head
FNDA:14,default
FNF:2
FNH:2
BRF:0
BRH:0
DA:1,4
DA:3,4
DA:10,4
DA:11,18
DA:12,18
DA:13,18
DA:14,54
DA:15,54
DA:18,18
DA:20,4
DA:21,18
DA:22,36
DA:23,18
DA:26,18
LH:14
LF:14
end_of_record
SF:/Users/guy/Workspace/test/dasl/src/routes/backstage/contribute/index.tsx
FN:10,Head
FN:22,default
FNDA:14,Head
FNDA:14,default
FNF:2
FNH:2
BRF:0
BRH:0
DA:1,4
DA:3,4
DA:10,4
DA:11,18
DA:12,18
DA:13,18
DA:14,18
DA:15,18
DA:16,18
DA:20,18
DA:22,4
DA:23,18
DA:24,36
DA:25,18
DA:28,18
LH:15
LF:15
end_of_record
SF:/Users/guy/Workspace/test/dasl/src/routes/backstage/index.tsx
FN:10,Head
FN:22,default
FNDA:14,Head
FNDA:14,default
FNF:2
FNH:2
BRF:0
BRH:0
DA:1,4
DA:3,4
DA:10,4
DA:11,18
DA:12,18
DA:13,18
DA:14,18
DA:15,18
DA:16,18
DA:20,18
DA:22,4
DA:23,18
DA:24,36
DA:25,18
DA:28,18
LH:15
LF:15
end_of_record
SF:/Users/guy/Workspace/test/dasl/src/routes/backstage/manage/index.tsx
FN:10,Head
FN:22,default
FNDA:14,Head
FNDA:14,default
FNF:2
FNH:2
BRF:0
BRH:0
DA:1,4
DA:3,4
DA:10,4
DA:11,18
DA:12,18
DA:13,18
DA:14,18
DA:15,18
DA:16,18
DA:20,18
DA:22,4
DA:23,18
DA:24,36
DA:25,18
DA:28,18
LH:15
LF:15
end_of_record
SF:/Users/guy/Workspace/test/dasl/src/routes/backstage/moderate/index.tsx
FN:10,Head
FN:22,default
FNDA:14,Head
FNDA:14,default
FNF:2
FNH:2
BRF:0
BRH:0
DA:1,4
DA:3,4
DA:10,4
DA:11,18
DA:12,18
DA:13,18
DA:14,18
DA:15,18
DA:16,18
DA:20,18
DA:22,4
DA:23,18
DA:24,36
DA:25,18
DA:28,18
LH:15
LF:15
end_of_record
SF:/Users/guy/Workspace/test/dasl/src/routes/contact/index.tsx
FN:10,Head
FN:20,default
FNDA:14,Head
FNDA:14,default
FNF:2
FNH:2
BRF:0
BRH:0
DA:1,4
DA:3,4
DA:10,4
DA:11,18
DA:12,18
DA:13,18
DA:14,54
DA:15,54
DA:18,18
DA:20,4
DA:21,18
DA:22,36
DA:23,18
DA:26,18
LH:14
LF:14
end_of_record
SF:/Users/guy/Workspace/test/dasl/src/routes/cookie-policy/index.tsx
FN:10,Head
FN:22,default
FNDA:14,Head
FNDA:14,default
FNF:2
FNH:2
BRF:0
BRH:0
DA:1,4
DA:3,4
DA:10,4
DA:11,18
DA:12,18
DA:13,18
DA:14,18
DA:15,18
DA:16,18
DA:20,18
DA:22,4
DA:23,18
DA:24,36
DA:25,18
DA:28,18
LH:15
LF:15
end_of_record
SF:/Users/guy/Workspace/test/dasl/src/routes/index.tsx
FN:4,Head
FN:13,Home
FNDA:16,Head
FNDA:16,Home
FNF:2
FNH:2
BRF:0
BRH:0
DA:1,4
DA:4,4
DA:5,20
DA:6,20
DA:7,20
DA:8,60
DA:11,20
DA:13,4
DA:14,20
DA:15,40
DA:16,20
DA:17,20
DA:20,20
LH:13
LF:13
end_of_record
SF:/Users/guy/Workspace/test/dasl/src/routes/privacy-policy/index.tsx
FN:10,Head
FN:22,default
FNDA:14,Head
FNDA:14,default
FNF:2
FNH:2
BRF:0
BRH:0
DA:1,4
DA:3,4
DA:10,4
DA:11,18
DA:12,18
DA:13,18
DA:14,18
DA:15,18
DA:16,18
DA:20,18
DA:22,4
DA:23,18
DA:24,36
DA:25,18
DA:28,18
LH:15
LF:15
end_of_record
SF:/Users/guy/Workspace/test/dasl/src/routes/sign-in-or-up/index.tsx
FN:11,Head
FN:23,default
FNDA:14,Head
FNDA:14,default
FNF:2
FNH:2
BRF:0
BRH:0
DA:1,4
DA:3,4
DA:4,4
DA:11,4
DA:12,18
DA:13,18
DA:14,18
DA:15,18
DA:16,18
DA:17,18
DA:21,18
DA:23,4
DA:24,18
DA:25,36
DA:26,18
DA:29,18
LH:16
LF:16
end_of_record
SF:/Users/guy/Workspace/test/dasl/src/routes/terms-of-use/index.tsx
FN:10,Head
FN:20,default
FNDA:14,Head
FNDA:14,default
FNF:2
FNH:2
BRF:0
BRH:0
DA:1,4
DA:3,4
DA:10,4
DA:11,18
DA:12,18
DA:13,18
DA:14,54
DA:15,54
DA:18,18
DA:20,4
DA:21,18
DA:22,36
DA:23,18
DA:26,18
LH:14
LF:14
end_of_record
SF:/Users/guy/Workspace/test/dasl/src/routes/test/index.tsx
FN:11,Head
FN:20,default
FNDA:14,Head
FNDA:14,default
FNF:2
FNH:2
BRF:0
BRH:0
DA:1,4
DA:3,4
DA:4,4
DA:11,4
DA:12,18
DA:13,18
DA:14,18
DA:15,54
DA:18,18
DA:20,4
DA:21,18
DA:22,36
DA:23,36
DA:24,18
DA:26,18
DA:29,18
DA:30,18
DA:31,18
DA:35,18
DA:38,18
LH:20
LF:20
end_of_record
SF:/Users/guy/Workspace/test/dasl/src/utilities/analyzeComponentUsage/analyzeFileRecursively/extractComponentImportPaths/index.ts
FN:1,extractComponentImportPaths
FNDA:7144,extractComponentImportPaths
FNF:1
FNH:1
BRF:0
BRH:0
DA:1,4
DA:2,4
DA:4,7148
DA:5,7148
DA:7,7148
DA:8,7148
DA:9,7148
DA:10,7148
LH:8
LF:8
end_of_record
SF:/Users/guy/Workspace/test/dasl/src/utilities/analyzeComponentUsage/analyzeFileRecursively/index.ts
FN:5,analyzeFileRecursively
FN:6,analyze
FNDA:340,analyzeFileRecursively
FNDA:7144,analyze
FNF:2
FNH:2
BRDA:10,2,0,0
BRDA:32,2,1,0
BRF:2
BRH:0
DA:1,4
DA:3,4
DA:5,4
DA:6,344
DA:7,344
DA:8,344
DA:10,0
DA:11,0
DA:12,0
DA:14,7488
DA:15,7488
DA:16,7488
DA:18,7488
DA:19,7488
DA:22,29952
DA:24,7488
DA:25,7488
DA:26,14292
DA:27,14292
DA:28,7488
DA:31,29952
DA:32,0
DA:33,0
DA:34,0
DA:35,344
DA:37,344
DA:38,344
LH:21
LF:27
end_of_record
SF:/Users/guy/Workspace/test/dasl/src/utilities/analyzeComponentUsage/index.ts
FN:13,generateCssAssetPaths
FN:40,analyzeComponentUsage
FNDA:3402,generateCssAssetPaths
FNDA:170,analyzeComponentUsage
FNF:2
FNH:2
BRDA:28,1,0,8428
BRDA:31,1,1,5026
BRDA:31,1,2,3402
BRDA:50,2,0,3402
BRF:4
BRH:4
DA:1,4
DA:3,4
DA:13,4
DA:14,3406
DA:17,3406
DA:20,3406
DA:23,3406
DA:26,3406
DA:28,3406
DA:30,11834
DA:31,11834
DA:34,11834
DA:35,11834
DA:37,3406
DA:38,3406
DA:40,4
DA:41,4
DA:44,870
DA:45,174
DA:48,174
DA:50,174
DA:51,3576
DA:52,3576
DA:53,3576
DA:55,174
DA:56,174
LH:26
LF:26
end_of_record
SF:/Users/guy/Workspace/test/dasl/src/utilities/createAssetElements/index.tsx
FN:3,createAssetElements
FNDA:170,createAssetElements
FNF:1
FNH:1
BRDA:14,2,0,0
BRDA:20,2,1,0
BRDA:32,2,2,0
BRDA:34,2,3,2898
BRDA:36,2,4,14
BRDA:38,2,5,0
BRF:6
BRH:2
DA:1,4
DA:3,4
DA:4,4
DA:7,174
DA:9,174
DA:10,174
DA:12,3086
DA:14,0
DA:16,0
DA:17,0
DA:18,0
DA:19,0
DA:20,0
DA:22,0
DA:23,0
DA:25,3086
DA:26,3086
DA:29,3086
DA:30,3086
DA:31,3086
DA:32,0
DA:34,3086
DA:35,17952
DA:36,3086
DA:37,6200
DA:38,3100
DA:39,0
DA:40,0
DA:41,0
DA:42,174
LH:18
LF:30
end_of_record
SF:/Users/guy/Workspace/test/dasl/src/utilities/createElement/index.ts
FN:1,createElement
FN:25,Fragment
FNDA:23198,createElement
FNDA:0,Fragment
FNF:2
FNH:1
BRDA:6,1,0,4234
BRDA:8,1,1,18964
BRDA:17,1,2,10774
BRDA:17,1,3,8190
BRDA:20,1,4,0
BRF:5
BRH:4
DA:1,4
DA:2,4
DA:3,4
DA:4,4
DA:6,23202
DA:7,109744
DA:8,27436
DA:10,42166
DA:13,42166
DA:14,42166
DA:15,42166
DA:16,42166
DA:17,42166
DA:18,42166
DA:19,42166
DA:20,42166
DA:22,0
DA:23,23202
DA:25,0
DA:26,0
DA:27,0
DA:29,4
LH:18
LF:22
end_of_record
SF:/Users/guy/Workspace/test/dasl/src/utilities/discoverComponentAssets/discoverAssetsForComponent/discoverAssetsInFolder/index.ts
FN:5,discoverAssetsInFolder
FNDA:8428,discoverAssetsInFolder
FNF:1
FNH:1
BRDA:11,1,0,42504
BRDA:12,1,1,12656
BRDA:38,1,2,0
BRDA:25,3,0,4242
BRDA:26,3,1,14
BRDA:26,3,2,14
BRDA:30,4,0,8414
BRDA:32,4,1,14
BRDA:34,4,2,0
BRF:9
BRH:7
DA:1,4
DA:3,4
DA:5,4
DA:6,4
DA:7,4
DA:9,8432
DA:10,8432
DA:11,8432
DA:12,50936
DA:13,63592
DA:14,63592
DA:15,50936
DA:18,8432
DA:19,8432
DA:20,8432
DA:21,8432
DA:23,8432
DA:24,8432
DA:25,8432
DA:26,8432
DA:27,8432
DA:29,8432
DA:30,16860
DA:31,25274
DA:32,16860
DA:33,16874
DA:34,16874
DA:35,0
DA:36,0
DA:37,0
DA:38,0
DA:39,0
DA:40,0
DA:41,8432
LH:28
LF:34
end_of_record
SF:/Users/guy/Workspace/test/dasl/src/utilities/discoverComponentAssets/discoverAssetsForComponent/getPathHierarchy/index.ts
FN:3,getPathHierarchy
FNDA:3402,getPathHierarchy
FNF:1
FNH:1
BRF:0
BRH:0
DA:1,4
DA:3,4
DA:4,4
DA:5,4
DA:7,3406
DA:8,3406
DA:10,3406
DA:11,3406
DA:12,11834
DA:13,11834
DA:14,3406
DA:15,3406
DA:17,3406
LH:13
LF:13
end_of_record
SF:/Users/guy/Workspace/test/dasl/src/utilities/discoverComponentAssets/discoverAssetsForComponent/index.ts
FN:4,discoverAssetsForComponent
FNDA:3402,discoverAssetsForComponent
FNF:1
FNH:1
BRF:0
BRH:0
DA:1,4
DA:2,4
DA:4,4
DA:5,4
DA:6,4
DA:8,3406
DA:10,3406
DA:11,3406
DA:12,3406
DA:16,3406
DA:17,3406
LH:11
LF:11
end_of_record
SF:/Users/guy/Workspace/test/dasl/src/utilities/discoverComponentAssets/index.ts
FN:5,discoverComponentAssets
FNDA:170,discoverComponentAssets
FNF:1
FNH:1
BRF:0
BRH:0
DA:1,4
DA:3,4
DA:5,4
DA:6,4
DA:8,174
DA:10,174
DA:11,174
DA:12,174
DA:16,174
DA:19,174
DA:20,174
LH:11
LF:11
end_of_record
SF:/Users/guy/Workspace/test/dasl/src/utilities/generateShortId/encodeBase58/index.ts
FN:1,encodeBase58
FN:11,convertToBase58
FNDA:280,encodeBase58
FNDA:6423,convertToBase58
FNF:2
FNH:2
BRDA:5,1,0,0
BRDA:9,1,1,0
BRDA:12,2,0,280
BRDA:13,2,1,6143
BRF:4
BRH:2
DA:1,4
DA:2,284
DA:3,284
DA:5,0
DA:7,284
DA:9,0
DA:11,284
DA:12,284
DA:13,284
DA:14,284
DA:16,284
DA:17,284
LH:10
LF:12
end_of_record
SF:/Users/guy/Workspace/test/dasl/src/utilities/generateShortId/index.ts
FN:3,generateShortId
FNDA:280,generateShortId
FNF:1
FNH:1
BRF:0
BRH:0
DA:1,4
DA:3,4
DA:5,284
DA:8,284
DA:9,284
DA:12,284
DA:13,284
LH:7
LF:7
end_of_record
SF:/Users/guy/Workspace/test/dasl/src/utilities/getCountryDialingOptions/byCountryName/index.ts
FN:3,byCountryName
FNDA:0,byCountryName
FNF:1
FNH:0
BRF:0
BRH:0
DA:3,0
DA:4,0
DA:5,0
LH:0
LF:3
end_of_record
SF:/Users/guy/Workspace/test/dasl/src/utilities/getCountryDialingOptions/index.ts
FN:12,getCountryDialingOptions
FNDA:0,getCountryDialingOptions
FNF:1
FNH:0
BRF:0
BRH:0
DA:3,4
DA:4,4
DA:5,4
DA:7,4
DA:9,4
DA:10,4
DA:12,0
DA:13,0
DA:14,0
DA:15,0
DA:19,0
DA:20,0
DA:21,0
DA:22,0
DA:23,0
DA:25,4
LH:7
LF:16
end_of_record
SF:/Users/guy/Workspace/test/dasl/src/utilities/getCountryDialingOptions/toCountryDialingOption/index.ts
FN:3,toCountryDialingOption
FNDA:0,toCountryDialingOption
FNF:1
FNH:0
BRF:0
BRH:0
DA:3,0
DA:4,0
DA:5,0
DA:6,0
DA:7,0
DA:8,0
DA:9,0
DA:10,0
DA:12,4
LH:1
LF:9
end_of_record
SF:/Users/guy/Workspace/test/dasl/src/utilities/getDialingCodeOptions/byNumericDialingCode/index.ts
FN:1,byNumericDialingCode
FNDA:19838,byNumericDialingCode
FNF:1
FNH:1
BRF:0
BRH:0
DA:1,4
DA:2,19842
DA:3,19842
DA:4,19842
DA:5,19842
LH:5
LF:5
end_of_record
SF:/Users/guy/Workspace/test/dasl/src/utilities/getDialingCodeOptions/index.ts
FN:12,getDialingCodeOptions
FN:13,getDialingCode
FNDA:14,getDialingCodeOptions
FNDA:3388,getDialingCode
FNF:2
FNH:2
BRF:0
BRH:0
DA:3,4
DA:4,4
DA:5,4
DA:7,4
DA:9,4
DA:10,4
DA:12,4
DA:13,18
DA:14,18
DA:15,18
DA:16,18
DA:18,18
DA:19,18
DA:23,18
DA:24,18
DA:25,18
DA:26,18
DA:27,18
LH:18
LF:18
end_of_record
SF:/Users/guy/Workspace/test/dasl/src/utilities/getDialingCodeOptions/toDialingCodeOption/index.ts
FN:3,toDialingCodeOption
FNDA:3066,toDialingCodeOption
FNF:1
FNH:1
BRF:0
BRH:0
DA:3,4
DA:4,3070
DA:5,3070
DA:6,3070
DA:7,3070
DA:8,3070
LH:6
LF:6
end_of_record
SF:/Users/guy/Workspace/test/dasl/src/utilities/identity/index.ts
FN:1,identity
FNDA:0,identity
FNF:1
FNH:0
BRF:0
BRH:0
DA:1,0
DA:2,0
DA:3,0
LH:0
LF:3
end_of_record
SF:/Users/guy/Workspace/test/dasl/src/utilities/map/index.ts
FN:1,map
FNDA:28,map
FNF:1
FNH:1
BRF:0
BRH:0
DA:1,4
DA:2,4
DA:4,4
LH:3
LF:3
end_of_record
SF:/Users/guy/Workspace/test/dasl/src/utilities/pascalToKebab/index.ts
FN:1,pascalToKebab
FNDA:25020,pascalToKebab
FNF:1
FNH:1
BRF:0
BRH:0
DA:1,4
DA:2,25024
DA:3,25024
DA:7,25024
DA:8,25024
DA:9,25024
DA:11,25024
LH:7
LF:7
end_of_record
SF:/Users/guy/Workspace/test/dasl/src/utilities/pipe/index.ts
FN:4,pipe
FNDA:14,pipe
FNF:1
FNH:1
BRDA:5,1,0,0
BRF:1
BRH:0
DA:1,4
DA:4,4
DA:5,0
DA:6,0
DA:8,0
DA:9,18
LH:3
LF:6
end_of_record
SF:/Users/guy/Workspace/test/dasl/src/utilities/prettyPrintHtml/index.ts
FN:5,prettyPrintHtml
FN:66,formatHtml
FNDA:170,prettyPrintHtml
FNDA:5708,formatHtml
FNF:2
FNH:2
BRDA:70,2,0,19414
BRDA:71,2,1,19134
BRDA:74,2,2,0
BRDA:77,2,3,18964
BRDA:83,2,4,18964
BRDA:83,2,5,18964
BRDA:85,2,6,0
BRDA:88,2,7,18964
BRDA:88,2,8,170
BRDA:91,2,9,18964
BRDA:91,2,10,0
BRDA:94,2,11,5566
BRDA:97,2,12,13398
BRDA:104,2,13,14098
BRDA:104,2,14,14098
BRDA:108,2,15,0
BRDA:110,2,16,6496
BRDA:110,2,17,350
BRDA:113,2,18,13748
BRDA:115,2,19,13398
BRDA:120,2,20,13342
BRDA:121,2,21,3654
BRDA:121,2,22,2898
BRDA:123,2,23,2954
BRDA:129,2,24,10444
BRDA:133,2,25,5538
BRDA:140,2,26,4906
BRDA:152,2,27,350
BRDA:158,2,28,0
BRDA:165,2,29,5736
BRDA:168,2,30,280
BRDA:171,2,31,42
BRF:32
BRH:27
DA:5,4
DA:6,174
DA:9,174
DA:10,174
DA:11,174
DA:12,174
DA:13,174
DA:14,174
DA:15,174
DA:16,174
DA:17,174
DA:18,174
DA:19,174
DA:20,174
DA:21,174
DA:22,174
DA:23,174
DA:26,174
DA:27,174
DA:28,174
DA:29,174
DA:30,174
DA:31,174
DA:32,174
DA:33,174
DA:34,174
DA:35,174
DA:36,174
DA:37,174
DA:38,174
DA:39,174
DA:40,174
DA:41,174
DA:42,174
DA:43,174
DA:44,174
DA:45,174
DA:46,174
DA:47,174
DA:48,174
DA:49,174
DA:50,174
DA:51,174
DA:52,174
DA:53,174
DA:54,174
DA:55,174
DA:56,174
DA:57,174
DA:58,174
DA:59,174
DA:60,174
DA:61,174
DA:62,174
DA:63,174
DA:66,174
DA:67,5882
DA:68,5882
DA:70,5882
DA:71,25296
DA:73,44430
DA:74,0
DA:76,44430
DA:77,44430
DA:78,44430
DA:79,44430
DA:80,44430
DA:82,44430
DA:83,44430
DA:84,63394
DA:85,0
DA:86,63394
DA:88,44430
DA:90,44600
DA:91,0
DA:93,0
DA:94,0
DA:96,68960
DA:97,63394
DA:99,76792
DA:100,76792
DA:101,76792
DA:104,76792
DA:105,90890
DA:106,90890
DA:108,0
DA:110,90890
DA:111,91240
DA:112,91240
DA:113,90890
DA:114,104638
DA:115,104638
DA:117,118036
DA:119,118036
DA:120,118036
DA:121,118036
DA:122,118036
DA:123,118036
DA:125,120990
DA:126,120990
DA:127,120990
DA:129,118036
DA:131,128480
DA:132,128480
DA:133,128480
DA:135,134018
DA:136,134018
DA:137,134018
DA:139,134018
DA:140,128480
DA:142,133386
DA:143,133386
DA:145,133386
DA:146,128480
DA:147,128480
DA:148,128480
DA:150,118036
DA:151,118036
DA:152,104638
DA:153,104988
DA:154,104988
DA:155,104638
DA:156,90890
DA:158,0
DA:160,0
DA:161,0
DA:162,0
DA:163,76792
DA:165,44430
DA:166,50166
DA:167,50166
DA:168,25296
DA:170,25576
DA:171,25576
DA:173,25576
DA:174,25576
DA:175,25576
DA:176,25576
DA:178,25576
DA:179,25576
DA:180,25296
DA:182,5882
DA:183,5882
DA:185,174
DA:186,174
DA:188,4
LH:136
LF:146
end_of_record
SF:/Users/guy/Workspace/test/dasl/src/utilities/renderPageWithApp/index.ts
FN:9,renderPageWithApp
FNDA:170,renderPageWithApp
FNF:1
FNH:1
BRDA:34,1,0,0
BRF:1
BRH:0
DA:1,4
DA:9,4
DA:10,4
DA:11,4
DA:12,4
DA:14,174
DA:16,174
DA:17,174
DA:25,174
DA:26,174
DA:27,174
DA:28,174
DA:29,174
DA:31,174
DA:33,174
DA:34,0
DA:36,0
DA:37,0
DA:38,174
DA:40,4
LH:17
LF:20
end_of_record
SF:/Users/guy/Workspace/test/dasl/src/utilities/renderToString/index.ts
FN:2,shouldIncludeAttribute
FN:12,toHtmlAttributeName
FN:58,renderToString
FNDA:30636,shouldIncludeAttribute
FNDA:26464,toHtmlAttributeName
FNDA:32364,renderToString
FNF:3
FNH:3
BRDA:49,2,0,56
BRDA:51,2,1,26408
BRDA:59,4,0,24210
BRDA:59,4,1,8154
BRDA:61,4,2,24210
BRDA:64,4,3,24168
BRDA:64,4,4,24042
BRDA:65,4,5,238
BRDA:67,4,6,23972
BRDA:69,4,7,5008
BRDA:71,4,8,18964
BRDA:73,4,9,18964
BRDA:73,4,10,18964
BRDA:82,4,11,0
BRDA:100,4,12,5566
BRDA:110,4,13,13398
BRDA:121,4,14,0
BRDA:124,4,15,0
BRDA:104,6,0,490
BRDA:104,6,1,12712
BRDA:115,8,0,3682
BRDA:115,8,1,13752
BRF:22
BRH:19
DA:2,30640
DA:3,30640
DA:4,30640
DA:5,30640
DA:6,30640
DA:7,30640
DA:8,30640
DA:9,30640
DA:12,26468
DA:14,26468
DA:15,26468
DA:16,26468
DA:17,26468
DA:18,26468
DA:19,26468
DA:20,26468
DA:21,26468
DA:22,26468
DA:23,26468
DA:24,26468
DA:25,26468
DA:26,26468
DA:27,26468
DA:28,26468
DA:29,26468
DA:30,26468
DA:31,26468
DA:32,26468
DA:33,26468
DA:34,26468
DA:35,26468
DA:36,26468
DA:37,26468
DA:38,26468
DA:39,26468
DA:40,26468
DA:41,26468
DA:42,26468
DA:43,26468
DA:44,26468
DA:45,26468
DA:46,26468
DA:49,26468
DA:50,26524
DA:51,26524
DA:54,52876
DA:55,26468
DA:58,32368
DA:59,32368
DA:60,40522
DA:61,40522
DA:63,32368
DA:64,32368
DA:65,32368
DA:66,32606
DA:67,32606
DA:69,32368
DA:70,37376
DA:71,37376
DA:73,32368
DA:74,51332
DA:81,51332
DA:82,0
DA:84,51332
DA:85,51332
DA:86,51332
DA:87,51332
DA:88,51332
DA:89,51332
DA:90,51332
DA:91,51332
DA:92,51332
DA:93,51332
DA:94,51332
DA:95,51332
DA:96,51332
DA:97,51332
DA:98,51332
DA:100,51332
DA:101,56898
DA:102,56898
DA:103,56898
DA:104,70100
DA:105,82812
DA:106,82812
DA:107,56898
DA:108,56898
DA:109,56898
DA:110,56898
DA:112,64730
DA:113,64730
DA:114,64730
DA:115,82164
DA:116,95916
DA:117,95916
DA:118,64730
DA:119,64730
DA:121,0
DA:123,51332
DA:124,51332
DA:126,0
DA:127,32368
DA:129,4
LH:100
LF:103
end_of_record
SF:/Users/guy/Workspace/test/dasl/src/utilities/sort/index.ts
FN:2,sort
FNDA:14,sort
FNF:1
FNH:1
BRF:0
BRH:0
DA:1,4
DA:2,4
DA:3,40
DA:5,4
LH:4
LF:4
end_of_record
